Using pre-set license

 COMMAND LINE ARGUMENTS:
/Applications/Unity/Hub/Editor/2020.2.2f1/Unity.app/Contents/MacOS/Unity
-adb2
-batchMode
-noUpm
-name
AssetImportWorker0
-projectPath
/Users/leonardo/sandbox/unity/Frugivore
-logFile
Logs/AssetImportWorker0.log
-srvPort
51213
Successfully changed project path to: /Users/leonardo/sandbox/unity/Frugivore
/Users/leonardo/sandbox/unity/Frugivore
Using Asset Import Pipeline V2.
Refreshing native plugins compatible for Editor in 74.68 ms, found 2 plugins.
Preloading 0 native plugins for Editor in 0.00 ms.
Initialize engine version: 2020.2.2f1 (068178b99f32)
[Subsystems] Discovering subsystems at path /Applications/Unity/Hub/Editor/2020.2.2f1/Unity.app/Contents/Resources/UnitySubsystems
[Subsystems] Discovering subsystems at path /Users/leonardo/sandbox/unity/Frugivore/Assets
GfxDevice: creating device client; threaded=0
2021-03-19 10:22:15.929 Unity[31560:556484] Color LCD preferred device: Intel HD Graphics 4000 (low power)
2021-03-19 10:22:15.929 Unity[31560:556484] Metal devices available: 1
2021-03-19 10:22:15.929 Unity[31560:556484] 0: Intel HD Graphics 4000 (low power)
2021-03-19 10:22:15.930 Unity[31560:556484] Using device Intel HD Graphics 4000 (low power)
Initializing Metal device caps: Intel HD Graphics 4000
Initialize mono
Mono path[0] = '/Applications/Unity/Hub/Editor/2020.2.2f1/Unity.app/Contents/Managed'
Mono path[1] = '/Applications/Unity/Hub/Editor/2020.2.2f1/Unity.app/Contents/MonoBleedingEdge/lib/mono/unityjit'
Mono config path = '/Applications/Unity/Hub/Editor/2020.2.2f1/Unity.app/Contents/MonoBleedingEdge/etc'
Using monoOptions --debugger-agent=transport=dt_socket,embedding=1,server=y,suspend=n,address=127.0.0.1:56560
Begin MonoManager ReloadAssembly
Registering precompiled unity dll's ...
Register platform support module: /Applications/Unity/Hub/Editor/2020.2.2f1/PlaybackEngines/WebGLSupport/UnityEditor.WebGL.Extensions.dll
Register platform support module: /Applications/Unity/Hub/Editor/2020.2.2f1/Unity.app/Contents/PlaybackEngines/MacStandaloneSupport/UnityEditor.OSXStandalone.Extensions.dll
Registered in 0.002629 seconds.
Native extension for OSXStandalone target not found
Native extension for WebGL target not found
Refreshing native plugins compatible for Editor in 81.73 ms, found 2 plugins.
Preloading 0 native plugins for Editor in 0.00 ms.
Invoked RoslynAnalysisRunner static constructor.
RoslynAnalysisRunner will not be running.
RoslynAnalysisRunner has terminated.
Mono: successfully reloaded assembly
- Completed reload, in  4.254 seconds
Platform modules already initialized, skipping
Registering precompiled user dll's ...
Registered in 0.001518 seconds.
Begin MonoManager ReloadAssembly
Native extension for OSXStandalone target not found
Native extension for WebGL target not found
Refreshing native plugins compatible for Editor in 65.94 ms, found 2 plugins.
Preloading 0 native plugins for Editor in 0.00 ms.
Invoked RoslynAnalysisRunner static constructor.
RoslynAnalysisRunner will not be running.
RoslynAnalysisRunner has terminated.
Mono: successfully reloaded assembly
- Completed reload, in  2.469 seconds
Platform modules already initialized, skipping
========================================================================
Worker process is ready to serve import requests
Launching external process: /Applications/Unity/Hub/Editor/2020.2.2f1/Unity.app/Contents/Tools/UnityShaderCompiler
Launched and connected shader compiler UnityShaderCompiler after 0.04 seconds
Refreshing native plugins compatible for Editor in 0.82 ms, found 2 plugins.
Preloading 0 native plugins for Editor in 0.00 ms.
Unloading 1801 Unused Serialized files (Serialized files now loaded: 0)
System memory in use before: 144.2 MB.
System memory in use after: 144.2 MB.

Unloading 24 unused Assets to reduce memory usage. Loaded Objects now: 2244.
Total: 3.454897 ms (FindLiveObjects: 0.280058 ms CreateObjectMapping: 0.084426 ms MarkObjects: 2.864582 ms  DeleteObjects: 0.223154 ms)

========================================================================
Received Import Request.
  path: Assets/Scripts/Mover.cs
  artifactKey: Guid(6af6c72b9ac8e45449235414a1a2060e) Importer(815301076,1909f56bfc062723c751e8b465ee728b)
Start importing Assets/Scripts/Mover.cs using Guid(6af6c72b9ac8e45449235414a1a2060e) Importer(815301076,1909f56bfc062723c751e8b465ee728b)  -> (artifact id: '225308df2804f079dd2002dc90300e2b') in 0.673243 seconds
  Import took 0.678791 seconds .

========================================================================
Received Prepare
Registering precompiled user dll's ...
Registered in 0.001088 seconds.
Begin MonoManager ReloadAssembly
Native extension for OSXStandalone target not found
Native extension for WebGL target not found
Refreshing native plugins compatible for Editor in 0.49 ms, found 2 plugins.
Preloading 0 native plugins for Editor in 0.00 ms.
Invoked RoslynAnalysisRunner static constructor.
RoslynAnalysisRunner will not be running.
RoslynAnalysisRunner has terminated.
Mono: successfully reloaded assembly
- Completed reload, in  2.324 seconds
Platform modules already initialized, skipping
Refreshing native plugins compatible for Editor in 0.56 ms, found 2 plugins.
Preloading 0 native plugins for Editor in 0.00 ms.
Unloading 1796 Unused Serialized files (Serialized files now loaded: 0)
System memory in use before: 148.9 MB.
System memory in use after: 148.9 MB.

Unloading 12 unused Assets to reduce memory usage. Loaded Objects now: 2247.
Total: 2.834286 ms (FindLiveObjects: 0.344711 ms CreateObjectMapping: 0.091565 ms MarkObjects: 2.230397 ms  DeleteObjects: 0.164645 ms)

========================================================================
Received Prepare
Registering precompiled user dll's ...
Registered in 0.000803 seconds.
Begin MonoManager ReloadAssembly
Native extension for OSXStandalone target not found
Native extension for WebGL target not found
Refreshing native plugins compatible for Editor in 0.44 ms, found 2 plugins.
Preloading 0 native plugins for Editor in 0.00 ms.
Invoked RoslynAnalysisRunner static constructor.
RoslynAnalysisRunner will not be running.
RoslynAnalysisRunner has terminated.
Mono: successfully reloaded assembly
- Completed reload, in  1.615 seconds
Platform modules already initialized, skipping
Refreshing native plugins compatible for Editor in 0.57 ms, found 2 plugins.
Preloading 0 native plugins for Editor in 0.00 ms.
Unloading 1796 Unused Serialized files (Serialized files now loaded: 0)
System memory in use before: 149.3 MB.
System memory in use after: 149.2 MB.

Unloading 12 unused Assets to reduce memory usage. Loaded Objects now: 2250.
Total: 3.060796 ms (FindLiveObjects: 0.345324 ms CreateObjectMapping: 0.086474 ms MarkObjects: 2.344639 ms  DeleteObjects: 0.281188 ms)

========================================================================
Received Prepare
Registering precompiled user dll's ...
Registered in 0.000823 seconds.
Begin MonoManager ReloadAssembly
Native extension for OSXStandalone target not found
Native extension for WebGL target not found
Refreshing native plugins compatible for Editor in 0.47 ms, found 2 plugins.
Preloading 0 native plugins for Editor in 0.00 ms.
Invoked RoslynAnalysisRunner static constructor.
RoslynAnalysisRunner will not be running.
RoslynAnalysisRunner has terminated.
Mono: successfully reloaded assembly
- Completed reload, in  1.677 seconds
Platform modules already initialized, skipping
Refreshing native plugins compatible for Editor in 0.58 ms, found 2 plugins.
Preloading 0 native plugins for Editor in 0.00 ms.
Unloading 1796 Unused Serialized files (Serialized files now loaded: 0)
System memory in use before: 149.6 MB.
System memory in use after: 149.6 MB.

Unloading 12 unused Assets to reduce memory usage. Loaded Objects now: 2253.
Total: 3.371452 ms (FindLiveObjects: 0.395693 ms CreateObjectMapping: 0.116267 ms MarkObjects: 2.665268 ms  DeleteObjects: 0.186430 ms)

========================================================================
Received Prepare
Registering precompiled user dll's ...
Registered in 0.002606 seconds.
Begin MonoManager ReloadAssembly
Native extension for OSXStandalone target not found
Native extension for WebGL target not found
Refreshing native plugins compatible for Editor in 0.46 ms, found 2 plugins.
Preloading 0 native plugins for Editor in 0.00 ms.
Invoked RoslynAnalysisRunner static constructor.
RoslynAnalysisRunner will not be running.
RoslynAnalysisRunner has terminated.
Mono: successfully reloaded assembly
- Completed reload, in  1.764 seconds
Platform modules already initialized, skipping
Refreshing native plugins compatible for Editor in 0.60 ms, found 2 plugins.
Preloading 0 native plugins for Editor in 0.00 ms.
Unloading 1796 Unused Serialized files (Serialized files now loaded: 0)
System memory in use before: 150.0 MB.
System memory in use after: 150.0 MB.

Unloading 12 unused Assets to reduce memory usage. Loaded Objects now: 2256.
Total: 3.603036 ms (FindLiveObjects: 0.413872 ms CreateObjectMapping: 0.187878 ms MarkObjects: 2.757769 ms  DeleteObjects: 0.241263 ms)

========================================================================
Received Prepare
Registering precompiled user dll's ...
Registered in 0.001641 seconds.
Begin MonoManager ReloadAssembly
Native extension for OSXStandalone target not found
Native extension for WebGL target not found
Refreshing native plugins compatible for Editor in 0.45 ms, found 2 plugins.
Preloading 0 native plugins for Editor in 0.00 ms.
Invoked RoslynAnalysisRunner static constructor.
RoslynAnalysisRunner will not be running.
RoslynAnalysisRunner has terminated.
Mono: successfully reloaded assembly
- Completed reload, in  1.750 seconds
Platform modules already initialized, skipping
Refreshing native plugins compatible for Editor in 0.67 ms, found 2 plugins.
Preloading 0 native plugins for Editor in 0.00 ms.
Unloading 1796 Unused Serialized files (Serialized files now loaded: 0)
System memory in use before: 150.5 MB.
System memory in use after: 150.5 MB.

Unloading 12 unused Assets to reduce memory usage. Loaded Objects now: 2259.
Total: 3.961224 ms (FindLiveObjects: 0.398871 ms CreateObjectMapping: 0.172576 ms MarkObjects: 3.082765 ms  DeleteObjects: 0.303954 ms)

========================================================================
Received Prepare
Registering precompiled user dll's ...
Registered in 0.002212 seconds.
Begin MonoManager ReloadAssembly
Native extension for OSXStandalone target not found
Native extension for WebGL target not found
Refreshing native plugins compatible for Editor in 0.49 ms, found 2 plugins.
Preloading 0 native plugins for Editor in 0.00 ms.
Invoked RoslynAnalysisRunner static constructor.
RoslynAnalysisRunner will not be running.
RoslynAnalysisRunner has terminated.
Mono: successfully reloaded assembly
- Completed reload, in  2.065 seconds
Platform modules already initialized, skipping
Switching build target platform(2) subTarget(0) extendedPlatform(0) -> platform(9) subTarget(16777218) extendedPlatform(0)
Refreshing native plugins compatible for Editor in 0.71 ms, found 2 plugins.
Preloading 0 native plugins for Editor in 0.00 ms.
Unloading 1800 Unused Serialized files (Serialized files now loaded: 0)
System memory in use before: 150.4 MB.
System memory in use after: 150.4 MB.

Unloading 12 unused Assets to reduce memory usage. Loaded Objects now: 2262.
Total: 4.904748 ms (FindLiveObjects: 0.657093 ms CreateObjectMapping: 0.186369 ms MarkObjects: 3.843114 ms  DeleteObjects: 0.215646 ms)

AssetImportParameters requested are different than current active one (requested -> active):
  custom:graphics/normal-map-encoding: 01000000000000000000000000000000 -> 02000000000000000000000000000000
========================================================================
Received Prepare
Refreshing native plugins compatible for Editor in 2.29 ms, found 2 plugins.
Preloading 0 native plugins for Editor in 0.00 ms.
Unloading 10 Unused Serialized files (Serialized files now loaded: 0)
System memory in use before: 115.4 MB.
System memory in use after: 115.4 MB.

Unloading 10 unused Assets to reduce memory usage. Loaded Objects now: 2262.
Total: 3.686131 ms (FindLiveObjects: 0.342441 ms CreateObjectMapping: 0.168480 ms MarkObjects: 3.014406 ms  DeleteObjects: 0.156299 ms)

========================================================================
Received Import Request.
  Time since last request: 1266.347859 seconds.
  path: Assets/Prefabs/Apple.prefab
  artifactKey: Guid(a96d7755601f3429db8dd92a87f7271a) Importer(815301076,1909f56bfc062723c751e8b465ee728b)
Start importing Assets/Prefabs/Apple.prefab using Guid(a96d7755601f3429db8dd92a87f7271a) Importer(815301076,1909f56bfc062723c751e8b465ee728b)  -> (artifact id: 'c5d846a05234c1b402eae7aff96b8dca') in 0.854404 seconds
  Import took 0.865149 seconds .

========================================================================
Received Prepare
Registering precompiled user dll's ...
Registered in 0.001771 seconds.
Begin MonoManager ReloadAssembly
Native extension for OSXStandalone target not found
Native extension for WebGL target not found
Refreshing native plugins compatible for Editor in 0.44 ms, found 2 plugins.
Preloading 0 native plugins for Editor in 0.00 ms.
Invoked RoslynAnalysisRunner static constructor.
RoslynAnalysisRunner will not be running.
RoslynAnalysisRunner has terminated.
Mono: successfully reloaded assembly
- Completed reload, in  2.091 seconds
Platform modules already initialized, skipping
Switching build target platform(2) subTarget(0) extendedPlatform(0) -> platform(9) subTarget(16777218) extendedPlatform(0)
Refreshing native plugins compatible for Editor in 0.59 ms, found 2 plugins.
Preloading 0 native plugins for Editor in 0.00 ms.
Unloading 1800 Unused Serialized files (Serialized files now loaded: 0)
System memory in use before: 158.4 MB.
System memory in use after: 158.4 MB.

Unloading 12 unused Assets to reduce memory usage. Loaded Objects now: 2272.
Total: 4.069261 ms (FindLiveObjects: 0.284949 ms CreateObjectMapping: 0.085116 ms MarkObjects: 3.527303 ms  DeleteObjects: 0.169330 ms)

AssetImportParameters requested are different than current active one (requested -> active):
  custom:graphics/normal-map-encoding: 01000000000000000000000000000000 -> 02000000000000000000000000000000
========================================================================
Received Import Request.
  Time since last request: 8.012060 seconds.
  path: Assets/Prefabs/Apple.prefab
  artifactKey: Guid(a96d7755601f3429db8dd92a87f7271a) Importer(815301076,1909f56bfc062723c751e8b465ee728b)
Start importing Assets/Prefabs/Apple.prefab using Guid(a96d7755601f3429db8dd92a87f7271a) Importer(815301076,1909f56bfc062723c751e8b465ee728b)  -> (artifact id: 'e5307321c92e3e75bad76cc86ed2981b') in 0.191285 seconds
  Import took 0.198446 seconds .

========================================================================
Received Import Request.
  Time since last request: 32.057009 seconds.
  path: Assets/Prefabs/Banana.prefab
  artifactKey: Guid(d073aebfb0af24989bf1647df77883ff) Importer(815301076,1909f56bfc062723c751e8b465ee728b)
Start importing Assets/Prefabs/Banana.prefab using Guid(d073aebfb0af24989bf1647df77883ff) Importer(815301076,1909f56bfc062723c751e8b465ee728b)  -> (artifact id: 'b94f0f759ae24f9a894b2ad66070c63e') in 0.026180 seconds
  Import took 0.031514 seconds .

========================================================================
Received Import Request.
  Time since last request: 63.682746 seconds.
  path: Assets/Prefabs/Rotten Fruit.prefab
  artifactKey: Guid(d68dc6837d4a4463da362bcfd5a10c08) Importer(815301076,1909f56bfc062723c751e8b465ee728b)
Start importing Assets/Prefabs/Rotten Fruit.prefab using Guid(d68dc6837d4a4463da362bcfd5a10c08) Importer(815301076,1909f56bfc062723c751e8b465ee728b)  -> (artifact id: '090113f40f27e6842e71b3b9ee849821') in 0.018028 seconds
  Import took 0.022541 seconds .

========================================================================
Received Prepare
Registering precompiled user dll's ...
Registered in 0.001422 seconds.
Begin MonoManager ReloadAssembly
Native extension for OSXStandalone target not found
Native extension for WebGL target not found
Refreshing native plugins compatible for Editor in 0.44 ms, found 2 plugins.
Preloading 0 native plugins for Editor in 0.00 ms.
Invoked RoslynAnalysisRunner static constructor.
RoslynAnalysisRunner will not be running.
RoslynAnalysisRunner has terminated.
Mono: successfully reloaded assembly
- Completed reload, in  1.782 seconds
Platform modules already initialized, skipping
Switching build target platform(2) subTarget(0) extendedPlatform(0) -> platform(9) subTarget(16777218) extendedPlatform(0)
Refreshing native plugins compatible for Editor in 0.56 ms, found 2 plugins.
Preloading 0 native plugins for Editor in 0.00 ms.
Unloading 1800 Unused Serialized files (Serialized files now loaded: 0)
System memory in use before: 158.9 MB.
System memory in use after: 158.8 MB.

Unloading 12 unused Assets to reduce memory usage. Loaded Objects now: 2276.
Total: 3.206571 ms (FindLiveObjects: 0.317128 ms CreateObjectMapping: 0.075999 ms MarkObjects: 2.654131 ms  DeleteObjects: 0.157407 ms)

AssetImportParameters requested are different than current active one (requested -> active):
  custom:graphics/normal-map-encoding: 01000000000000000000000000000000 -> 02000000000000000000000000000000
========================================================================
Received Import Request.
  Time since last request: 39.458426 seconds.
  path: Assets/Prefabs/Banana.prefab
  artifactKey: Guid(d073aebfb0af24989bf1647df77883ff) Importer(815301076,1909f56bfc062723c751e8b465ee728b)
Start importing Assets/Prefabs/Banana.prefab using Guid(d073aebfb0af24989bf1647df77883ff) Importer(815301076,1909f56bfc062723c751e8b465ee728b)  -> (artifact id: 'e9ae6d25971ecf844a7deb7c22461c61') in 0.112698 seconds
  Import took 0.118365 seconds .

========================================================================
Received Import Request.
  Time since last request: 2.086756 seconds.
  path: Assets/Prefabs/Orange.prefab
  artifactKey: Guid(f44b7b5ab0c4448d1b15f60f7591d7b5) Importer(815301076,1909f56bfc062723c751e8b465ee728b)
Start importing Assets/Prefabs/Orange.prefab using Guid(f44b7b5ab0c4448d1b15f60f7591d7b5) Importer(815301076,1909f56bfc062723c751e8b465ee728b)  -> (artifact id: '1b31d0bbd6a8893b917f540dd7cd8441') in 0.092144 seconds
  Import took 0.101290 seconds .

========================================================================
Received Import Request.
  Time since last request: 3.046331 seconds.
  path: Assets/Prefabs/Rotten Fruit.prefab
  artifactKey: Guid(d68dc6837d4a4463da362bcfd5a10c08) Importer(815301076,1909f56bfc062723c751e8b465ee728b)
Start importing Assets/Prefabs/Rotten Fruit.prefab using Guid(d68dc6837d4a4463da362bcfd5a10c08) Importer(815301076,1909f56bfc062723c751e8b465ee728b)  -> (artifact id: '49b15758ce8ee39db60c500b75ec07dc') in 0.015513 seconds
  Import took 0.020937 seconds .

========================================================================
Received Import Request.
  Time since last request: 0.001392 seconds.
  path: Assets/Prefabs/Rotten Fruit.prefab
  artifactKey: Guid(d68dc6837d4a4463da362bcfd5a10c08) Importer(815301076,1909f56bfc062723c751e8b465ee728b)
Start importing Assets/Prefabs/Rotten Fruit.prefab using Guid(d68dc6837d4a4463da362bcfd5a10c08) Importer(815301076,1909f56bfc062723c751e8b465ee728b)  -> (artifact id: '49b15758ce8ee39db60c500b75ec07dc') in 0.014235 seconds
  Import took 0.020203 seconds .

========================================================================
Received Prepare
Registering precompiled user dll's ...
Registered in 0.005953 seconds.
Begin MonoManager ReloadAssembly
Native extension for OSXStandalone target not found
Native extension for WebGL target not found
Refreshing native plugins compatible for Editor in 0.45 ms, found 2 plugins.
Preloading 0 native plugins for Editor in 0.00 ms.
Invoked RoslynAnalysisRunner static constructor.
RoslynAnalysisRunner will not be running.
RoslynAnalysisRunner has terminated.
Mono: successfully reloaded assembly
- Completed reload, in  1.917 seconds
Platform modules already initialized, skipping
Switching build target platform(2) subTarget(0) extendedPlatform(0) -> platform(9) subTarget(16777218) extendedPlatform(0)
Refreshing native plugins compatible for Editor in 0.55 ms, found 2 plugins.
Preloading 0 native plugins for Editor in 0.00 ms.
Unloading 1800 Unused Serialized files (Serialized files now loaded: 0)
System memory in use before: 159.4 MB.
System memory in use after: 159.4 MB.

Unloading 12 unused Assets to reduce memory usage. Loaded Objects now: 2280.
Total: 2.889412 ms (FindLiveObjects: 0.365031 ms CreateObjectMapping: 0.081706 ms MarkObjects: 2.272360 ms  DeleteObjects: 0.167533 ms)

AssetImportParameters requested are different than current active one (requested -> active):
  custom:graphics/normal-map-encoding: 01000000000000000000000000000000 -> 02000000000000000000000000000000
========================================================================
Received Prepare
Registering precompiled user dll's ...
Registered in 0.003570 seconds.
Begin MonoManager ReloadAssembly
Native extension for OSXStandalone target not found
Native extension for WebGL target not found
Refreshing native plugins compatible for Editor in 0.45 ms, found 2 plugins.
Preloading 0 native plugins for Editor in 0.00 ms.
Invoked RoslynAnalysisRunner static constructor.
RoslynAnalysisRunner will not be running.
RoslynAnalysisRunner has terminated.
Mono: successfully reloaded assembly
- Completed reload, in  2.043 seconds
Platform modules already initialized, skipping
Switching build target platform(2) subTarget(0) extendedPlatform(0) -> platform(9) subTarget(16777218) extendedPlatform(0)
Refreshing native plugins compatible for Editor in 0.54 ms, found 2 plugins.
Preloading 0 native plugins for Editor in 0.00 ms.
Unloading 1800 Unused Serialized files (Serialized files now loaded: 0)
System memory in use before: 159.5 MB.
System memory in use after: 159.5 MB.

Unloading 12 unused Assets to reduce memory usage. Loaded Objects now: 2283.
Total: 3.310793 ms (FindLiveObjects: 0.447313 ms CreateObjectMapping: 0.078274 ms MarkObjects: 2.591398 ms  DeleteObjects: 0.189485 ms)

AssetImportParameters requested are different than current active one (requested -> active):
  custom:graphics/normal-map-encoding: 01000000000000000000000000000000 -> 02000000000000000000000000000000
========================================================================
Received Prepare
Registering precompiled user dll's ...
Registered in 0.000873 seconds.
Begin MonoManager ReloadAssembly
Native extension for OSXStandalone target not found
Native extension for WebGL target not found
Refreshing native plugins compatible for Editor in 0.47 ms, found 2 plugins.
Preloading 0 native plugins for Editor in 0.00 ms.
Invoked RoslynAnalysisRunner static constructor.
RoslynAnalysisRunner will not be running.
RoslynAnalysisRunner has terminated.
Mono: successfully reloaded assembly
- Completed reload, in  1.977 seconds
Platform modules already initialized, skipping
Switching build target platform(2) subTarget(0) extendedPlatform(0) -> platform(9) subTarget(16777218) extendedPlatform(0)
Refreshing native plugins compatible for Editor in 0.56 ms, found 2 plugins.
Preloading 0 native plugins for Editor in 0.00 ms.
Unloading 1800 Unused Serialized files (Serialized files now loaded: 0)
System memory in use before: 159.8 MB.
System memory in use after: 159.8 MB.

Unloading 12 unused Assets to reduce memory usage. Loaded Objects now: 2286.
Total: 3.413588 ms (FindLiveObjects: 0.444341 ms CreateObjectMapping: 0.175432 ms MarkObjects: 2.610261 ms  DeleteObjects: 0.179542 ms)

AssetImportParameters requested are different than current active one (requested -> active):
  custom:graphics/normal-map-encoding: 01000000000000000000000000000000 -> 02000000000000000000000000000000
========================================================================
Received Prepare
Registering precompiled user dll's ...
Registered in 0.005413 seconds.
Begin MonoManager ReloadAssembly
Native extension for OSXStandalone target not found
Native extension for WebGL target not found
Refreshing native plugins compatible for Editor in 0.45 ms, found 2 plugins.
Preloading 0 native plugins for Editor in 0.00 ms.
Invoked RoslynAnalysisRunner static constructor.
RoslynAnalysisRunner will not be running.
RoslynAnalysisRunner has terminated.
Mono: successfully reloaded assembly
- Completed reload, in  1.732 seconds
Platform modules already initialized, skipping
Switching build target platform(2) subTarget(0) extendedPlatform(0) -> platform(9) subTarget(16777218) extendedPlatform(0)
Refreshing native plugins compatible for Editor in 0.56 ms, found 2 plugins.
Preloading 0 native plugins for Editor in 0.00 ms.
Unloading 1800 Unused Serialized files (Serialized files now loaded: 0)
System memory in use before: 160.1 MB.
System memory in use after: 160.1 MB.

Unloading 12 unused Assets to reduce memory usage. Loaded Objects now: 2289.
Total: 3.841655 ms (FindLiveObjects: 0.496386 ms CreateObjectMapping: 0.152128 ms MarkObjects: 2.909248 ms  DeleteObjects: 0.281249 ms)

AssetImportParameters requested are different than current active one (requested -> active):
  custom:graphics/normal-map-encoding: 01000000000000000000000000000000 -> 02000000000000000000000000000000
========================================================================
Received Prepare
Registering precompiled user dll's ...
Registered in 0.003139 seconds.
Begin MonoManager ReloadAssembly
Native extension for OSXStandalone target not found
Native extension for WebGL target not found
Refreshing native plugins compatible for Editor in 0.44 ms, found 2 plugins.
Preloading 0 native plugins for Editor in 0.00 ms.
Invoked RoslynAnalysisRunner static constructor.
RoslynAnalysisRunner will not be running.
RoslynAnalysisRunner has terminated.
Mono: successfully reloaded assembly
- Completed reload, in  1.778 seconds
Platform modules already initialized, skipping
Switching build target platform(2) subTarget(0) extendedPlatform(0) -> platform(9) subTarget(16777218) extendedPlatform(0)
Refreshing native plugins compatible for Editor in 0.54 ms, found 2 plugins.
Preloading 0 native plugins for Editor in 0.00 ms.
Unloading 1800 Unused Serialized files (Serialized files now loaded: 0)
System memory in use before: 160.4 MB.
System memory in use after: 160.4 MB.

Unloading 12 unused Assets to reduce memory usage. Loaded Objects now: 2292.
Total: 3.087792 ms (FindLiveObjects: 0.521106 ms CreateObjectMapping: 0.141990 ms MarkObjects: 2.259215 ms  DeleteObjects: 0.163100 ms)

AssetImportParameters requested are different than current active one (requested -> active):
  custom:graphics/normal-map-encoding: 01000000000000000000000000000000 -> 02000000000000000000000000000000
========================================================================
Received Prepare
Refreshing native plugins compatible for Editor in 5.37 ms, found 2 plugins.
Preloading 0 native plugins for Editor in 0.00 ms.
Unloading 10 Unused Serialized files (Serialized files now loaded: 0)
System memory in use before: 125.4 MB.
System memory in use after: 125.3 MB.

Unloading 10 unused Assets to reduce memory usage. Loaded Objects now: 2292.
Total: 22.741801 ms (FindLiveObjects: 1.085718 ms CreateObjectMapping: 0.079688 ms MarkObjects: 21.240322 ms  DeleteObjects: 0.333052 ms)

========================================================================
Received Prepare
Refreshing native plugins compatible for Editor in 3.55 ms, found 2 plugins.
Preloading 0 native plugins for Editor in 0.00 ms.
Unloading 10 Unused Serialized files (Serialized files now loaded: 0)
System memory in use before: 124.6 MB.
System memory in use after: 124.6 MB.

Unloading 10 unused Assets to reduce memory usage. Loaded Objects now: 2292.
Total: 22.630189 ms (FindLiveObjects: 0.993822 ms CreateObjectMapping: 0.079265 ms MarkObjects: 21.282788 ms  DeleteObjects: 0.270441 ms)

========================================================================
Received Prepare
Refreshing native plugins compatible for Editor in 2.36 ms, found 2 plugins.
Preloading 0 native plugins for Editor in 0.00 ms.
Unloading 10 Unused Serialized files (Serialized files now loaded: 0)
System memory in use before: 124.8 MB.
System memory in use after: 124.7 MB.

Unloading 10 unused Assets to reduce memory usage. Loaded Objects now: 2292.
Total: 31.965332 ms (FindLiveObjects: 1.409571 ms CreateObjectMapping: 0.111517 ms MarkObjects: 30.101877 ms  DeleteObjects: 0.338795 ms)

========================================================================
Received Prepare
Refreshing native plugins compatible for Editor in 2.44 ms, found 2 plugins.
Preloading 0 native plugins for Editor in 0.00 ms.
Unloading 10 Unused Serialized files (Serialized files now loaded: 0)
System memory in use before: 124.9 MB.
System memory in use after: 124.9 MB.

Unloading 10 unused Assets to reduce memory usage. Loaded Objects now: 2292.
Total: 26.479228 ms (FindLiveObjects: 1.471811 ms CreateObjectMapping: 0.156273 ms MarkObjects: 24.571807 ms  DeleteObjects: 0.276520 ms)

========================================================================
Received Prepare
Refreshing native plugins compatible for Editor in 1.91 ms, found 2 plugins.
Preloading 0 native plugins for Editor in 0.00 ms.
Unloading 10 Unused Serialized files (Serialized files now loaded: 0)
System memory in use before: 125.1 MB.
System memory in use after: 125.0 MB.

Unloading 10 unused Assets to reduce memory usage. Loaded Objects now: 2292.
Total: 4.853105 ms (FindLiveObjects: 0.444981 ms CreateObjectMapping: 0.104673 ms MarkObjects: 4.109432 ms  DeleteObjects: 0.189391 ms)

========================================================================
Received Prepare
Refreshing native plugins compatible for Editor in 2.62 ms, found 2 plugins.
Preloading 0 native plugins for Editor in 0.00 ms.
Unloading 10 Unused Serialized files (Serialized files now loaded: 0)
System memory in use before: 125.2 MB.
System memory in use after: 125.2 MB.

Unloading 10 unused Assets to reduce memory usage. Loaded Objects now: 2292.
Total: 28.019427 ms (FindLiveObjects: 1.363445 ms CreateObjectMapping: 0.121889 ms MarkObjects: 24.527236 ms  DeleteObjects: 2.001778 ms)

========================================================================
Received Prepare
Refreshing native plugins compatible for Editor in 3.03 ms, found 2 plugins.
Preloading 0 native plugins for Editor in 0.00 ms.
Unloading 10 Unused Serialized files (Serialized files now loaded: 0)
System memory in use before: 125.4 MB.
System memory in use after: 125.3 MB.

Unloading 10 unused Assets to reduce memory usage. Loaded Objects now: 2292.
Total: 27.571508 ms (FindLiveObjects: 1.549801 ms CreateObjectMapping: 0.172091 ms MarkObjects: 25.549630 ms  DeleteObjects: 0.237168 ms)

========================================================================
Received Prepare
Refreshing native plugins compatible for Editor in 3.41 ms, found 2 plugins.
Preloading 0 native plugins for Editor in 0.00 ms.
Unloading 10 Unused Serialized files (Serialized files now loaded: 0)
System memory in use before: 125.4 MB.
System memory in use after: 125.4 MB.

Unloading 10 unused Assets to reduce memory usage. Loaded Objects now: 2292.
Total: 3.650177 ms (FindLiveObjects: 0.431132 ms CreateObjectMapping: 0.110276 ms MarkObjects: 2.914732 ms  DeleteObjects: 0.190822 ms)

========================================================================
Received Prepare
Refreshing native plugins compatible for Editor in 2.16 ms, found 2 plugins.
Preloading 0 native plugins for Editor in 0.00 ms.
Unloading 10 Unused Serialized files (Serialized files now loaded: 0)
System memory in use before: 124.7 MB.
System memory in use after: 124.6 MB.

Unloading 10 unused Assets to reduce memory usage. Loaded Objects now: 2292.
Total: 26.982451 ms (FindLiveObjects: 1.329763 ms CreateObjectMapping: 0.104327 ms MarkObjects: 25.235486 ms  DeleteObjects: 0.297739 ms)

