Using pre-set license

 COMMAND LINE ARGUMENTS:
/Applications/Unity/Hub/Editor/2020.2.2f1/Unity.app/Contents/MacOS/Unity
-adb2
-batchMode
-noUpm
-name
AssetImportWorker0
-projectPath
/Users/leonardo/sandbox/unity/Frugivore
-logFile
Logs/AssetImportWorker0.log
-srvPort
50156
Successfully changed project path to: /Users/leonardo/sandbox/unity/Frugivore
/Users/leonardo/sandbox/unity/Frugivore
Using Asset Import Pipeline V2.
Refreshing native plugins compatible for Editor in 122.97 ms, found 2 plugins.
Preloading 0 native plugins for Editor in 0.00 ms.
Initialize engine version: 2020.2.2f1 (068178b99f32)
[Subsystems] Discovering subsystems at path /Applications/Unity/Hub/Editor/2020.2.2f1/Unity.app/Contents/Resources/UnitySubsystems
[Subsystems] Discovering subsystems at path /Users/leonardo/sandbox/unity/Frugivore/Assets
GfxDevice: creating device client; threaded=0
2021-03-17 23:13:58.508 Unity[2714:34126] Color LCD preferred device: Intel HD Graphics 4000 (low power)
2021-03-17 23:13:58.509 Unity[2714:34126] Metal devices available: 1
2021-03-17 23:13:58.510 Unity[2714:34126] 0: Intel HD Graphics 4000 (low power)
2021-03-17 23:13:58.511 Unity[2714:34126] Using device Intel HD Graphics 4000 (low power)
Initializing Metal device caps: Intel HD Graphics 4000
Initialize mono
Mono path[0] = '/Applications/Unity/Hub/Editor/2020.2.2f1/Unity.app/Contents/Managed'
Mono path[1] = '/Applications/Unity/Hub/Editor/2020.2.2f1/Unity.app/Contents/MonoBleedingEdge/lib/mono/unityjit'
Mono config path = '/Applications/Unity/Hub/Editor/2020.2.2f1/Unity.app/Contents/MonoBleedingEdge/etc'
Using monoOptions --debugger-agent=transport=dt_socket,embedding=1,server=y,suspend=n,address=127.0.0.1:56714
Begin MonoManager ReloadAssembly
Registering precompiled unity dll's ...
Register platform support module: /Applications/Unity/Hub/Editor/2020.2.2f1/PlaybackEngines/WebGLSupport/UnityEditor.WebGL.Extensions.dll
Register platform support module: /Applications/Unity/Hub/Editor/2020.2.2f1/Unity.app/Contents/PlaybackEngines/MacStandaloneSupport/UnityEditor.OSXStandalone.Extensions.dll
Registered in 0.003396 seconds.
Native extension for OSXStandalone target not found
Native extension for WebGL target not found
Refreshing native plugins compatible for Editor in 76.15 ms, found 2 plugins.
Preloading 0 native plugins for Editor in 0.00 ms.
Invoked RoslynAnalysisRunner static constructor.
RoslynAnalysisRunner will not be running.
RoslynAnalysisRunner has terminated.
Mono: successfully reloaded assembly
- Completed reload, in  5.082 seconds
Platform modules already initialized, skipping
Registering precompiled user dll's ...
Registered in 0.002152 seconds.
Begin MonoManager ReloadAssembly
Native extension for OSXStandalone target not found
Native extension for WebGL target not found
Refreshing native plugins compatible for Editor in 132.73 ms, found 2 plugins.
Preloading 0 native plugins for Editor in 0.00 ms.
Invoked RoslynAnalysisRunner static constructor.
RoslynAnalysisRunner will not be running.
RoslynAnalysisRunner has terminated.
Mono: successfully reloaded assembly
- Completed reload, in  2.932 seconds
Platform modules already initialized, skipping
========================================================================
Worker process is ready to serve import requests
Launching external process: /Applications/Unity/Hub/Editor/2020.2.2f1/Unity.app/Contents/Tools/UnityShaderCompiler
Launched and connected shader compiler UnityShaderCompiler after 0.02 seconds
Refreshing native plugins compatible for Editor in 0.53 ms, found 2 plugins.
Preloading 0 native plugins for Editor in 0.00 ms.
Unloading 1792 Unused Serialized files (Serialized files now loaded: 0)
System memory in use before: 144.0 MB.
System memory in use after: 144.0 MB.

Unloading 24 unused Assets to reduce memory usage. Loaded Objects now: 2233.
Total: 3.906800 ms (FindLiveObjects: 0.465105 ms CreateObjectMapping: 0.194955 ms MarkObjects: 3.028569 ms  DeleteObjects: 0.215041 ms)

========================================================================
Received Import Request.
  path: Packages/com.unity.2d.animation/Editor/Assets/SkinningModule/Icons/Selected/Bone_Influence@4x.png
  artifactKey: Guid(daf2ab606d4db0d4f9ecf4c02137d2a8) Importer(815301076,1909f56bfc062723c751e8b465ee728b)
Start importing Packages/com.unity.2d.animation/Editor/Assets/SkinningModule/Icons/Selected/Bone_Influence@4x.png using Guid(daf2ab606d4db0d4f9ecf4c02137d2a8) Importer(815301076,1909f56bfc062723c751e8b465ee728b)  -> (artifact id: 'b732c72380aa7fd82aa691dd866cf371') in 1.383492 seconds
  Import took 1.390877 seconds .

========================================================================
Received Import Request.
  Time since last request: 0.000437 seconds.
  path: Packages/com.unity.2d.animation/Editor/Assets/SkinningModule/Icons/Selected/character_Mode@2x.png
  artifactKey: Guid(5d52b20f865aff242bfcb08c3b6f61a5) Importer(815301076,1909f56bfc062723c751e8b465ee728b)
Start importing Packages/com.unity.2d.animation/Editor/Assets/SkinningModule/Icons/Selected/character_Mode@2x.png using Guid(5d52b20f865aff242bfcb08c3b6f61a5) Importer(815301076,1909f56bfc062723c751e8b465ee728b)  -> (artifact id: '059b9b285b6f30da5ac57516123081b1') in 0.026479 seconds
  Import took 0.033028 seconds .

========================================================================
Received Import Request.
  Time since last request: 0.000459 seconds.
  path: Packages/com.unity.2d.animation/Editor/Assets/SkinningModule/Icons/Light/character_Mode@2x.png
  artifactKey: Guid(25096ce515c063c48a2bd6b108c95912) Importer(815301076,1909f56bfc062723c751e8b465ee728b)
Start importing Packages/com.unity.2d.animation/Editor/Assets/SkinningModule/Icons/Light/character_Mode@2x.png using Guid(25096ce515c063c48a2bd6b108c95912) Importer(815301076,1909f56bfc062723c751e8b465ee728b)  -> (artifact id: 'c6b192023ea0958a5d2d9c2290c65720') in 0.043381 seconds
  Import took 0.054091 seconds .

========================================================================
Received Import Request.
  Time since last request: 0.000314 seconds.
  path: Packages/com.unity.2d.animation/Editor/Assets/SkinningModule/Icons/Light/character_Mode@3x.png
  artifactKey: Guid(17fa84703485d314b8d6b5216987d4b1) Importer(815301076,1909f56bfc062723c751e8b465ee728b)
Start importing Packages/com.unity.2d.animation/Editor/Assets/SkinningModule/Icons/Light/character_Mode@3x.png using Guid(17fa84703485d314b8d6b5216987d4b1) Importer(815301076,1909f56bfc062723c751e8b465ee728b)  -> (artifact id: 'ccdd0f575ff12887a6acae944e826ba8') in 0.019467 seconds
  Import took 0.025645 seconds .

========================================================================
Received Import Request.
  Time since last request: 0.000305 seconds.
  path: Packages/com.unity.2d.animation/Editor/Assets/SkinningModule/Icons/Selected/character_Mode@3x.png
  artifactKey: Guid(dcea51d6065d64246aeec467afeff684) Importer(815301076,1909f56bfc062723c751e8b465ee728b)
Start importing Packages/com.unity.2d.animation/Editor/Assets/SkinningModule/Icons/Selected/character_Mode@3x.png using Guid(dcea51d6065d64246aeec467afeff684) Importer(815301076,1909f56bfc062723c751e8b465ee728b)  -> (artifact id: '29c7a1c187e3a76da525e58fec939ec4') in 0.018642 seconds
  Import took 0.025587 seconds .

========================================================================
Received Import Request.
  Time since last request: 0.000351 seconds.
  path: Packages/com.unity.2d.animation/Editor/Assets/SkinningModule/Icons/Selected/character_Mode.png
  artifactKey: Guid(e60718119cec31e4190849292fcde068) Importer(815301076,1909f56bfc062723c751e8b465ee728b)
Start importing Packages/com.unity.2d.animation/Editor/Assets/SkinningModule/Icons/Selected/character_Mode.png using Guid(e60718119cec31e4190849292fcde068) Importer(815301076,1909f56bfc062723c751e8b465ee728b)  -> (artifact id: 'ef598df01f1c19acf6910fe8e0286a18') in 0.018025 seconds
  Import took 0.026542 seconds .

========================================================================
Received Import Request.
  Time since last request: 0.000464 seconds.
  path: Packages/com.unity.2d.animation/Editor/Assets/SkinningModule/Icons/Light/Bone_Influence@4x.png
  artifactKey: Guid(c7aa62ae78ffca0498c89e5f45f94c0e) Importer(815301076,1909f56bfc062723c751e8b465ee728b)
Start importing Packages/com.unity.2d.animation/Editor/Assets/SkinningModule/Icons/Light/Bone_Influence@4x.png using Guid(c7aa62ae78ffca0498c89e5f45f94c0e) Importer(815301076,1909f56bfc062723c751e8b465ee728b)  -> (artifact id: 'a34b8e6ee19de07fefc867e68a349f17') in 0.021138 seconds
  Import took 0.026531 seconds .

========================================================================
Received Import Request.
  Time since last request: 0.000305 seconds.
  path: Packages/com.unity.2d.sprite/Editor/ObjectMenuCreation/DefaultAssets/Textures/Capsule.png
  artifactKey: Guid(34587324d412940a79d530020c957dc0) Importer(815301076,1909f56bfc062723c751e8b465ee728b)
Start importing Packages/com.unity.2d.sprite/Editor/ObjectMenuCreation/DefaultAssets/Textures/Capsule.png using Guid(34587324d412940a79d530020c957dc0) Importer(815301076,1909f56bfc062723c751e8b465ee728b)  -> (artifact id: '73ff7005addc2fcfefab41f22cd08b97') in 0.026409 seconds
  Import took 0.034326 seconds .

========================================================================
Received Import Request.
  Time since last request: 0.000501 seconds.
  path: Packages/com.unity.2d.animation/Editor/Assets/SkinningModule/Icons/Light/character_Mode.png
  artifactKey: Guid(d4d64a6cd9624c34a815dd79fb2a20a4) Importer(815301076,1909f56bfc062723c751e8b465ee728b)
Start importing Packages/com.unity.2d.animation/Editor/Assets/SkinningModule/Icons/Light/character_Mode.png using Guid(d4d64a6cd9624c34a815dd79fb2a20a4) Importer(815301076,1909f56bfc062723c751e8b465ee728b)  -> (artifact id: '025819d9084ce23648f9a4fa5fc95003') in 0.016827 seconds
  Import took 0.021737 seconds .

========================================================================
Received Prepare
Refreshing native plugins compatible for Editor in 4.89 ms, found 2 plugins.
Preloading 0 native plugins for Editor in 0.00 ms.
Unloading 10 Unused Serialized files (Serialized files now loaded: 0)
System memory in use before: 117.3 MB.
System memory in use after: 117.3 MB.

Unloading 10 unused Assets to reduce memory usage. Loaded Objects now: 2247.
Total: 6.906996 ms (FindLiveObjects: 0.664988 ms CreateObjectMapping: 0.383412 ms MarkObjects: 5.700594 ms  DeleteObjects: 0.155087 ms)

========================================================================
Received Prepare
Registering precompiled user dll's ...
Registered in 0.705612 seconds.
Begin MonoManager ReloadAssembly
Native extension for OSXStandalone target not found
Native extension for WebGL target not found
Refreshing native plugins compatible for Editor in 0.69 ms, found 2 plugins.
Preloading 0 native plugins for Editor in 0.00 ms.
Invoked RoslynAnalysisRunner static constructor.
RoslynAnalysisRunner will not be running.
RoslynAnalysisRunner has terminated.
Mono: successfully reloaded assembly
- Completed reload, in  2.297 seconds
Platform modules already initialized, skipping
Refreshing native plugins compatible for Editor in 0.65 ms, found 2 plugins.
Preloading 0 native plugins for Editor in 0.00 ms.
Unloading 1787 Unused Serialized files (Serialized files now loaded: 0)
System memory in use before: 152.1 MB.
System memory in use after: 152.1 MB.

Unloading 12 unused Assets to reduce memory usage. Loaded Objects now: 2250.
Total: 4.194779 ms (FindLiveObjects: 0.325935 ms CreateObjectMapping: 0.101320 ms MarkObjects: 3.582551 ms  DeleteObjects: 0.182379 ms)

========================================================================
Received Prepare
Registering precompiled user dll's ...
Registered in 0.001356 seconds.
Begin MonoManager ReloadAssembly
Native extension for OSXStandalone target not found
Native extension for WebGL target not found
Refreshing native plugins compatible for Editor in 0.84 ms, found 2 plugins.
Preloading 0 native plugins for Editor in 0.00 ms.
Invoked RoslynAnalysisRunner static constructor.
RoslynAnalysisRunner will not be running.
RoslynAnalysisRunner has terminated.
Mono: successfully reloaded assembly
- Completed reload, in  2.961 seconds
Platform modules already initialized, skipping
Refreshing native plugins compatible for Editor in 0.56 ms, found 2 plugins.
Preloading 0 native plugins for Editor in 0.00 ms.
Unloading 1787 Unused Serialized files (Serialized files now loaded: 0)
System memory in use before: 152.4 MB.
System memory in use after: 152.4 MB.

Unloading 12 unused Assets to reduce memory usage. Loaded Objects now: 2253.
Total: 3.037527 ms (FindLiveObjects: 0.280797 ms CreateObjectMapping: 0.087008 ms MarkObjects: 2.505549 ms  DeleteObjects: 0.161682 ms)

========================================================================
Received Prepare
Registering precompiled user dll's ...
Registered in 0.000944 seconds.
Begin MonoManager ReloadAssembly
Native extension for OSXStandalone target not found
Native extension for WebGL target not found
Refreshing native plugins compatible for Editor in 0.56 ms, found 2 plugins.
Preloading 0 native plugins for Editor in 0.00 ms.
Invoked RoslynAnalysisRunner static constructor.
RoslynAnalysisRunner will not be running.
RoslynAnalysisRunner has terminated.
Mono: successfully reloaded assembly
- Completed reload, in  2.492 seconds
Platform modules already initialized, skipping
Refreshing native plugins compatible for Editor in 0.76 ms, found 2 plugins.
Preloading 0 native plugins for Editor in 0.00 ms.
Unloading 1787 Unused Serialized files (Serialized files now loaded: 0)
System memory in use before: 152.7 MB.
System memory in use after: 152.7 MB.

Unloading 12 unused Assets to reduce memory usage. Loaded Objects now: 2256.
Total: 5.353225 ms (FindLiveObjects: 0.656383 ms CreateObjectMapping: 0.249678 ms MarkObjects: 4.265537 ms  DeleteObjects: 0.178503 ms)

========================================================================
Received Prepare
Registering precompiled user dll's ...
Registered in 0.001299 seconds.
Begin MonoManager ReloadAssembly
Native extension for OSXStandalone target not found
Native extension for WebGL target not found
Refreshing native plugins compatible for Editor in 0.65 ms, found 2 plugins.
Preloading 0 native plugins for Editor in 0.00 ms.
Invoked RoslynAnalysisRunner static constructor.
RoslynAnalysisRunner will not be running.
RoslynAnalysisRunner has terminated.
Mono: successfully reloaded assembly
- Completed reload, in  2.182 seconds
Platform modules already initialized, skipping
Refreshing native plugins compatible for Editor in 0.74 ms, found 2 plugins.
Preloading 0 native plugins for Editor in 0.00 ms.
Unloading 1787 Unused Serialized files (Serialized files now loaded: 0)
System memory in use before: 153.0 MB.
System memory in use after: 153.0 MB.

Unloading 12 unused Assets to reduce memory usage. Loaded Objects now: 2259.
Total: 5.766916 ms (FindLiveObjects: 1.121735 ms CreateObjectMapping: 0.216149 ms MarkObjects: 4.206043 ms  DeleteObjects: 0.219700 ms)

========================================================================
Received Prepare
Registering precompiled user dll's ...
Registered in 0.001105 seconds.
Begin MonoManager ReloadAssembly
Native extension for OSXStandalone target not found
Native extension for WebGL target not found
Refreshing native plugins compatible for Editor in 0.48 ms, found 2 plugins.
Preloading 0 native plugins for Editor in 0.00 ms.
Invoked RoslynAnalysisRunner static constructor.
RoslynAnalysisRunner will not be running.
RoslynAnalysisRunner has terminated.
Mono: successfully reloaded assembly
- Completed reload, in  2.342 seconds
Platform modules already initialized, skipping
Refreshing native plugins compatible for Editor in 0.85 ms, found 2 plugins.
Preloading 0 native plugins for Editor in 0.00 ms.
Unloading 1787 Unused Serialized files (Serialized files now loaded: 0)
System memory in use before: 153.5 MB.
System memory in use after: 153.5 MB.

Unloading 12 unused Assets to reduce memory usage. Loaded Objects now: 2262.
Total: 6.422813 ms (FindLiveObjects: 0.644730 ms CreateObjectMapping: 0.250210 ms MarkObjects: 5.295922 ms  DeleteObjects: 0.229096 ms)

========================================================================
Received Import Request.
  Time since last request: 420.202742 seconds.
  path: Assets/Scripts
  artifactKey: Guid(8ceb8a38056364261ba4b7ca529e2055) Importer(815301076,1909f56bfc062723c751e8b465ee728b)
Start importing Assets/Scripts using Guid(8ceb8a38056364261ba4b7ca529e2055) Importer(815301076,1909f56bfc062723c751e8b465ee728b)  -> (artifact id: 'a1ecc3c1fcec78abe0c378818a50605e') in 0.009267 seconds
  Import took 0.016562 seconds .

========================================================================
Received Import Request.
  Time since last request: 4.521185 seconds.
  path: Assets/Scripts/PlayerController.cs
  artifactKey: Guid(dc5fc08f2c1d441df87b2a125e4e9118) Importer(815301076,1909f56bfc062723c751e8b465ee728b)
Start importing Assets/Scripts/PlayerController.cs using Guid(dc5fc08f2c1d441df87b2a125e4e9118) Importer(815301076,1909f56bfc062723c751e8b465ee728b)  -> (artifact id: '2dcb1eb8f519d1d721f28f3756f376f2') in 0.960740 seconds
  Import took 0.967736 seconds .

========================================================================
Received Prepare
Registering precompiled user dll's ...
Registered in 0.001256 seconds.
Begin MonoManager ReloadAssembly
Native extension for OSXStandalone target not found
Native extension for WebGL target not found
Refreshing native plugins compatible for Editor in 0.71 ms, found 2 plugins.
Preloading 0 native plugins for Editor in 0.00 ms.
Invoked RoslynAnalysisRunner static constructor.
RoslynAnalysisRunner will not be running.
RoslynAnalysisRunner has terminated.
Mono: successfully reloaded assembly
- Completed reload, in  2.090 seconds
Platform modules already initialized, skipping
Script is not up to date after domain reload: guid(6af6c72b9ac8e45449235414a1a2060e) path("Assets/Scripts/Mover.cs") state(2)
Refreshing native plugins compatible for Editor in 0.73 ms, found 2 plugins.
Preloading 0 native plugins for Editor in 0.00 ms.
Unloading 1788 Unused Serialized files (Serialized files now loaded: 0)
System memory in use before: 157.9 MB.
System memory in use after: 157.9 MB.

Unloading 12 unused Assets to reduce memory usage. Loaded Objects now: 2266.
Total: 8.392248 ms (FindLiveObjects: 0.954020 ms CreateObjectMapping: 0.348304 ms MarkObjects: 6.867762 ms  DeleteObjects: 0.218400 ms)

========================================================================
Received Import Request.
  Time since last request: 10.351258 seconds.
  path: Assets/Scripts/Mover.cs
  artifactKey: Guid(6af6c72b9ac8e45449235414a1a2060e) Importer(815301076,1909f56bfc062723c751e8b465ee728b)
Start importing Assets/Scripts/Mover.cs using Guid(6af6c72b9ac8e45449235414a1a2060e) Importer(815301076,1909f56bfc062723c751e8b465ee728b)  -> (artifact id: '96ffdbf57e77f94c09cef14c7fdab633') in 0.012105 seconds
  Import took 0.020625 seconds .

========================================================================
Received Import Request.
  Time since last request: 0.011623 seconds.
  path: Assets/Scripts/Mover.cs
  artifactKey: Guid(6af6c72b9ac8e45449235414a1a2060e) Importer(815301076,1909f56bfc062723c751e8b465ee728b)
Start importing Assets/Scripts/Mover.cs using Guid(6af6c72b9ac8e45449235414a1a2060e) Importer(815301076,1909f56bfc062723c751e8b465ee728b)  -> (artifact id: '96ffdbf57e77f94c09cef14c7fdab633') in 0.006320 seconds
  Import took 0.015276 seconds .

========================================================================
Received Prepare
Registering precompiled user dll's ...
Registered in 0.001077 seconds.
Begin MonoManager ReloadAssembly
Native extension for OSXStandalone target not found
Native extension for WebGL target not found
Refreshing native plugins compatible for Editor in 0.46 ms, found 2 plugins.
Preloading 0 native plugins for Editor in 0.00 ms.
Invoked RoslynAnalysisRunner static constructor.
RoslynAnalysisRunner will not be running.
RoslynAnalysisRunner has terminated.
Mono: successfully reloaded assembly
- Completed reload, in  2.490 seconds
Platform modules already initialized, skipping
Refreshing native plugins compatible for Editor in 0.59 ms, found 2 plugins.
Preloading 0 native plugins for Editor in 0.00 ms.
Unloading 1789 Unused Serialized files (Serialized files now loaded: 0)
System memory in use before: 158.2 MB.
System memory in use after: 158.2 MB.

Unloading 12 unused Assets to reduce memory usage. Loaded Objects now: 2270.
Total: 3.122127 ms (FindLiveObjects: 0.320029 ms CreateObjectMapping: 0.084382 ms MarkObjects: 2.561398 ms  DeleteObjects: 0.153896 ms)

========================================================================
Received Prepare
Registering precompiled user dll's ...
Registered in 0.001710 seconds.
Begin MonoManager ReloadAssembly
Native extension for OSXStandalone target not found
Native extension for WebGL target not found
Refreshing native plugins compatible for Editor in 0.59 ms, found 2 plugins.
Preloading 0 native plugins for Editor in 0.00 ms.
Invoked RoslynAnalysisRunner static constructor.
RoslynAnalysisRunner will not be running.
RoslynAnalysisRunner has terminated.
Mono: successfully reloaded assembly
- Completed reload, in  2.989 seconds
Platform modules already initialized, skipping
Refreshing native plugins compatible for Editor in 0.75 ms, found 2 plugins.
Preloading 0 native plugins for Editor in 0.00 ms.
Unloading 1787 Unused Serialized files (Serialized files now loaded: 0)
System memory in use before: 158.5 MB.
System memory in use after: 158.5 MB.

Unloading 13 unused Assets to reduce memory usage. Loaded Objects now: 2271.
Total: 4.488423 ms (FindLiveObjects: 0.498561 ms CreateObjectMapping: 0.119297 ms MarkObjects: 3.593263 ms  DeleteObjects: 0.274187 ms)

========================================================================
Received Prepare
Registering precompiled user dll's ...
Registered in 0.001741 seconds.
Begin MonoManager ReloadAssembly
Native extension for OSXStandalone target not found
Native extension for WebGL target not found
Refreshing native plugins compatible for Editor in 2.37 ms, found 2 plugins.
Preloading 0 native plugins for Editor in 0.00 ms.
Invoked RoslynAnalysisRunner static constructor.
RoslynAnalysisRunner will not be running.
RoslynAnalysisRunner has terminated.
Mono: successfully reloaded assembly
- Completed reload, in  2.470 seconds
Platform modules already initialized, skipping
Refreshing native plugins compatible for Editor in 0.63 ms, found 2 plugins.
Preloading 0 native plugins for Editor in 0.00 ms.
Unloading 1787 Unused Serialized files (Serialized files now loaded: 0)
System memory in use before: 158.9 MB.
System memory in use after: 158.9 MB.

Unloading 12 unused Assets to reduce memory usage. Loaded Objects now: 2274.
Total: 3.557339 ms (FindLiveObjects: 0.309735 ms CreateObjectMapping: 0.092319 ms MarkObjects: 2.969277 ms  DeleteObjects: 0.182928 ms)

========================================================================
Received Import Request.
  Time since last request: 146.121221 seconds.
  path: Assets/Scripts/PlayerController.cs
  artifactKey: Guid(dc5fc08f2c1d441df87b2a125e4e9118) Importer(815301076,1909f56bfc062723c751e8b465ee728b)
Start importing Assets/Scripts/PlayerController.cs using Guid(dc5fc08f2c1d441df87b2a125e4e9118) Importer(815301076,1909f56bfc062723c751e8b465ee728b)  -> (artifact id: '250657464fec6c4a4b16fe25063a7633') in 0.025528 seconds
  Import took 0.037180 seconds .

========================================================================
Received Import Request.
  Time since last request: 0.068338 seconds.
  path: Assets/Scripts/PlayerController.cs
  artifactKey: Guid(dc5fc08f2c1d441df87b2a125e4e9118) Importer(815301076,1909f56bfc062723c751e8b465ee728b)
Start importing Assets/Scripts/PlayerController.cs using Guid(dc5fc08f2c1d441df87b2a125e4e9118) Importer(815301076,1909f56bfc062723c751e8b465ee728b)  -> (artifact id: '250657464fec6c4a4b16fe25063a7633') in 0.003037 seconds
  Import took 0.012317 seconds .

========================================================================
Received Prepare
Registering precompiled user dll's ...
Registered in 0.001273 seconds.
Begin MonoManager ReloadAssembly
Native extension for OSXStandalone target not found
Native extension for WebGL target not found
Refreshing native plugins compatible for Editor in 0.58 ms, found 2 plugins.
Preloading 0 native plugins for Editor in 0.00 ms.
Invoked RoslynAnalysisRunner static constructor.
RoslynAnalysisRunner will not be running.
RoslynAnalysisRunner has terminated.
Mono: successfully reloaded assembly
- Completed reload, in  1.684 seconds
Platform modules already initialized, skipping
Refreshing native plugins compatible for Editor in 0.80 ms, found 2 plugins.
Preloading 0 native plugins for Editor in 0.00 ms.
Unloading 1789 Unused Serialized files (Serialized files now loaded: 0)
System memory in use before: 159.1 MB.
System memory in use after: 159.1 MB.

Unloading 12 unused Assets to reduce memory usage. Loaded Objects now: 2279.
Total: 5.421833 ms (FindLiveObjects: 0.452187 ms CreateObjectMapping: 0.143180 ms MarkObjects: 4.659853 ms  DeleteObjects: 0.163924 ms)

========================================================================
Received Import Request.
  Time since last request: 164.729905 seconds.
  path: Assets/Scripts/PlayerController.cs
  artifactKey: Guid(dc5fc08f2c1d441df87b2a125e4e9118) Importer(815301076,1909f56bfc062723c751e8b465ee728b)
Start importing Assets/Scripts/PlayerController.cs using Guid(dc5fc08f2c1d441df87b2a125e4e9118) Importer(815301076,1909f56bfc062723c751e8b465ee728b)  -> (artifact id: '45f46fc3a379cf22f01cbd674dd94b99') in 0.007651 seconds
  Import took 0.012275 seconds .

========================================================================
Received Import Request.
  Time since last request: 0.003474 seconds.
  path: Assets/Scripts/PlayerController.cs
  artifactKey: Guid(dc5fc08f2c1d441df87b2a125e4e9118) Importer(815301076,1909f56bfc062723c751e8b465ee728b)
Start importing Assets/Scripts/PlayerController.cs using Guid(dc5fc08f2c1d441df87b2a125e4e9118) Importer(815301076,1909f56bfc062723c751e8b465ee728b)  -> (artifact id: '45f46fc3a379cf22f01cbd674dd94b99') in 0.003158 seconds
  Import took 0.008621 seconds .

========================================================================
Received Import Request.
  Time since last request: 6.792096 seconds.
  path: Assets/Scripts/Mover.cs
  artifactKey: Guid(6af6c72b9ac8e45449235414a1a2060e) Importer(815301076,1909f56bfc062723c751e8b465ee728b)
Start importing Assets/Scripts/Mover.cs using Guid(6af6c72b9ac8e45449235414a1a2060e) Importer(815301076,1909f56bfc062723c751e8b465ee728b)  -> (artifact id: '414f78ff7fc59f588cf2f347981719f9') in 0.002660 seconds
  Import took 0.007654 seconds .

========================================================================
Received Import Request.
  Time since last request: 0.001096 seconds.
  path: Assets/Scripts/Mover.cs
  artifactKey: Guid(6af6c72b9ac8e45449235414a1a2060e) Importer(815301076,1909f56bfc062723c751e8b465ee728b)
Start importing Assets/Scripts/Mover.cs using Guid(6af6c72b9ac8e45449235414a1a2060e) Importer(815301076,1909f56bfc062723c751e8b465ee728b)  -> (artifact id: '414f78ff7fc59f588cf2f347981719f9') in 0.004961 seconds
  Import took 0.009222 seconds .

========================================================================
Received Prepare
Registering precompiled user dll's ...
Registered in 0.001055 seconds.
Begin MonoManager ReloadAssembly
Native extension for OSXStandalone target not found
Native extension for WebGL target not found
Refreshing native plugins compatible for Editor in 0.47 ms, found 2 plugins.
Preloading 0 native plugins for Editor in 0.00 ms.
Invoked RoslynAnalysisRunner static constructor.
RoslynAnalysisRunner will not be running.
RoslynAnalysisRunner has terminated.
Mono: successfully reloaded assembly
- Completed reload, in  2.371 seconds
Platform modules already initialized, skipping
Refreshing native plugins compatible for Editor in 0.67 ms, found 2 plugins.
Preloading 0 native plugins for Editor in 0.00 ms.
Unloading 1789 Unused Serialized files (Serialized files now loaded: 0)
System memory in use before: 159.4 MB.
System memory in use after: 159.5 MB.

Unloading 12 unused Assets to reduce memory usage. Loaded Objects now: 2282.
Total: 4.779917 ms (FindLiveObjects: 0.445014 ms CreateObjectMapping: 0.117955 ms MarkObjects: 3.999674 ms  DeleteObjects: 0.214564 ms)

========================================================================
Received Prepare
Registering precompiled user dll's ...
Registered in 0.001632 seconds.
Begin MonoManager ReloadAssembly
Native extension for OSXStandalone target not found
Native extension for WebGL target not found
Refreshing native plugins compatible for Editor in 0.49 ms, found 2 plugins.
Preloading 0 native plugins for Editor in 0.00 ms.
Invoked RoslynAnalysisRunner static constructor.
RoslynAnalysisRunner will not be running.
RoslynAnalysisRunner has terminated.
Mono: successfully reloaded assembly
- Completed reload, in  2.239 seconds
Platform modules already initialized, skipping
Refreshing native plugins compatible for Editor in 0.56 ms, found 2 plugins.
Preloading 0 native plugins for Editor in 0.00 ms.
Unloading 1789 Unused Serialized files (Serialized files now loaded: 0)
System memory in use before: 159.8 MB.
System memory in use after: 159.8 MB.

Unloading 12 unused Assets to reduce memory usage. Loaded Objects now: 2285.
Total: 3.074346 ms (FindLiveObjects: 0.272978 ms CreateObjectMapping: 0.082540 ms MarkObjects: 2.555127 ms  DeleteObjects: 0.161199 ms)

========================================================================
Received Prepare
Registering precompiled user dll's ...
Registered in 0.001433 seconds.
Begin MonoManager ReloadAssembly
Native extension for OSXStandalone target not found
Native extension for WebGL target not found
Refreshing native plugins compatible for Editor in 0.48 ms, found 2 plugins.
Preloading 0 native plugins for Editor in 0.00 ms.
Invoked RoslynAnalysisRunner static constructor.
RoslynAnalysisRunner will not be running.
RoslynAnalysisRunner has terminated.
Mono: successfully reloaded assembly
- Completed reload, in  2.700 seconds
Platform modules already initialized, skipping
Refreshing native plugins compatible for Editor in 0.72 ms, found 2 plugins.
Preloading 0 native plugins for Editor in 0.00 ms.
Unloading 1789 Unused Serialized files (Serialized files now loaded: 0)
System memory in use before: 160.1 MB.
System memory in use after: 160.1 MB.

Unloading 12 unused Assets to reduce memory usage. Loaded Objects now: 2288.
Total: 3.320726 ms (FindLiveObjects: 0.458222 ms CreateObjectMapping: 0.177030 ms MarkObjects: 2.511531 ms  DeleteObjects: 0.171257 ms)

========================================================================
Received Prepare
Registering precompiled user dll's ...
Registered in 0.002040 seconds.
Begin MonoManager ReloadAssembly
Native extension for OSXStandalone target not found
Native extension for WebGL target not found
Refreshing native plugins compatible for Editor in 0.48 ms, found 2 plugins.
Preloading 0 native plugins for Editor in 0.00 ms.
Invoked RoslynAnalysisRunner static constructor.
RoslynAnalysisRunner will not be running.
RoslynAnalysisRunner has terminated.
Mono: successfully reloaded assembly
- Completed reload, in  1.913 seconds
Platform modules already initialized, skipping
Refreshing native plugins compatible for Editor in 0.56 ms, found 2 plugins.
Preloading 0 native plugins for Editor in 0.00 ms.
Unloading 1789 Unused Serialized files (Serialized files now loaded: 0)
System memory in use before: 160.4 MB.
System memory in use after: 160.4 MB.

Unloading 12 unused Assets to reduce memory usage. Loaded Objects now: 2291.
Total: 3.600471 ms (FindLiveObjects: 0.434047 ms CreateObjectMapping: 0.093870 ms MarkObjects: 2.903298 ms  DeleteObjects: 0.165539 ms)

========================================================================
Received Prepare
Registering precompiled user dll's ...
Registered in 0.001930 seconds.
Begin MonoManager ReloadAssembly
Native extension for OSXStandalone target not found
Native extension for WebGL target not found
Refreshing native plugins compatible for Editor in 0.52 ms, found 2 plugins.
Preloading 0 native plugins for Editor in 0.00 ms.
Invoked RoslynAnalysisRunner static constructor.
RoslynAnalysisRunner will not be running.
RoslynAnalysisRunner has terminated.
Mono: successfully reloaded assembly
- Completed reload, in  2.299 seconds
Platform modules already initialized, skipping
Refreshing native plugins compatible for Editor in 0.60 ms, found 2 plugins.
Preloading 0 native plugins for Editor in 0.00 ms.
Unloading 1789 Unused Serialized files (Serialized files now loaded: 0)
System memory in use before: 160.7 MB.
System memory in use after: 160.7 MB.

Unloading 12 unused Assets to reduce memory usage. Loaded Objects now: 2294.
Total: 3.237497 ms (FindLiveObjects: 0.315278 ms CreateObjectMapping: 0.087866 ms MarkObjects: 2.658748 ms  DeleteObjects: 0.172661 ms)

========================================================================
Received Import Request.
  Time since last request: 250.487046 seconds.
  path: Assets/Prefabs
  artifactKey: Guid(72c359e7f58024e01ad15c209b6ff896) Importer(815301076,1909f56bfc062723c751e8b465ee728b)
Start importing Assets/Prefabs using Guid(72c359e7f58024e01ad15c209b6ff896) Importer(815301076,1909f56bfc062723c751e8b465ee728b)  -> (artifact id: 'e84d34734112f6302b1b0df8da3a9c9c') in 0.006442 seconds
  Import took 0.011576 seconds .

========================================================================
Received Import Request.
  Time since last request: 8.162085 seconds.
  path: Assets/Prefabs/Orange.prefab
  artifactKey: Guid(f44b7b5ab0c4448d1b15f60f7591d7b5) Importer(815301076,1909f56bfc062723c751e8b465ee728b)
Start importing Assets/Prefabs/Orange.prefab using Guid(f44b7b5ab0c4448d1b15f60f7591d7b5) Importer(815301076,1909f56bfc062723c751e8b465ee728b)  -> (artifact id: 'c17710ed5275cd45b53e234de0217858') in 1.096636 seconds
  Import took 1.104671 seconds .

========================================================================
Received Import Request.
  Time since last request: 4.066021 seconds.
  path: Assets/Prefabs/Banana.prefab
  artifactKey: Guid(d073aebfb0af24989bf1647df77883ff) Importer(815301076,1909f56bfc062723c751e8b465ee728b)
Start importing Assets/Prefabs/Banana.prefab using Guid(d073aebfb0af24989bf1647df77883ff) Importer(815301076,1909f56bfc062723c751e8b465ee728b)  -> (artifact id: '2cd440422216d33406127c702f61b6d7') in 0.015470 seconds
  Import took 0.021756 seconds .

========================================================================
Received Import Request.
  Time since last request: 2.977452 seconds.
  path: Assets/Prefabs/Apple.prefab
  artifactKey: Guid(a96d7755601f3429db8dd92a87f7271a) Importer(815301076,1909f56bfc062723c751e8b465ee728b)
Start importing Assets/Prefabs/Apple.prefab using Guid(a96d7755601f3429db8dd92a87f7271a) Importer(815301076,1909f56bfc062723c751e8b465ee728b)  -> (artifact id: '9f3a6dc7fbfbe03f35bad8d8ca5f2b4c') in 0.036255 seconds
  Import took 0.045284 seconds .

========================================================================
Received Import Request.
  Time since last request: 3.366487 seconds.
  path: Assets/Prefabs/Rotten Fruit.prefab
  artifactKey: Guid(d68dc6837d4a4463da362bcfd5a10c08) Importer(815301076,1909f56bfc062723c751e8b465ee728b)
Start importing Assets/Prefabs/Rotten Fruit.prefab using Guid(d68dc6837d4a4463da362bcfd5a10c08) Importer(815301076,1909f56bfc062723c751e8b465ee728b)  -> (artifact id: 'cb1e430399a5b98141377e45e4659e93') in 0.036700 seconds
  Import took 0.042696 seconds .

========================================================================
Received Import Request.
  Time since last request: 0.041507 seconds.
  path: Assets/Prefabs/Rotten Fruit.prefab
  artifactKey: Guid(d68dc6837d4a4463da362bcfd5a10c08) Importer(815301076,1909f56bfc062723c751e8b465ee728b)
Start importing Assets/Prefabs/Rotten Fruit.prefab using Guid(d68dc6837d4a4463da362bcfd5a10c08) Importer(815301076,1909f56bfc062723c751e8b465ee728b)  -> (artifact id: 'cb1e430399a5b98141377e45e4659e93') in 0.033138 seconds
  Import took 0.040312 seconds .

========================================================================
Received Import Request.
  Time since last request: 356.291285 seconds.
  path: Assets/Scripts/Collector.cs
  artifactKey: Guid(58ba425bc6b30484b94178152f13b9df) Importer(815301076,1909f56bfc062723c751e8b465ee728b)
Start importing Assets/Scripts/Collector.cs using Guid(58ba425bc6b30484b94178152f13b9df) Importer(815301076,1909f56bfc062723c751e8b465ee728b)  -> (artifact id: '58ffbe755e9948602c082ffad1398716') in 0.024094 seconds
  Import took 0.041065 seconds .

========================================================================
Received Prepare
Registering precompiled user dll's ...
Registered in 0.001208 seconds.
Begin MonoManager ReloadAssembly
Native extension for OSXStandalone target not found
Native extension for WebGL target not found
Refreshing native plugins compatible for Editor in 0.54 ms, found 2 plugins.
Preloading 0 native plugins for Editor in 0.00 ms.
Invoked RoslynAnalysisRunner static constructor.
RoslynAnalysisRunner will not be running.
RoslynAnalysisRunner has terminated.
Mono: successfully reloaded assembly
- Completed reload, in  2.697 seconds
Platform modules already initialized, skipping
Refreshing native plugins compatible for Editor in 0.96 ms, found 2 plugins.
Preloading 0 native plugins for Editor in 0.00 ms.
Unloading 1790 Unused Serialized files (Serialized files now loaded: 0)
System memory in use before: 165.4 MB.
System memory in use after: 165.4 MB.

Unloading 12 unused Assets to reduce memory usage. Loaded Objects now: 2303.
Total: 6.011878 ms (FindLiveObjects: 0.619967 ms CreateObjectMapping: 0.170002 ms MarkObjects: 4.945940 ms  DeleteObjects: 0.272909 ms)

========================================================================
Received Import Request.
  Time since last request: 35.046378 seconds.
  path: Assets/Scripts/Collector.cs
  artifactKey: Guid(58ba425bc6b30484b94178152f13b9df) Importer(815301076,1909f56bfc062723c751e8b465ee728b)
Start importing Assets/Scripts/Collector.cs using Guid(58ba425bc6b30484b94178152f13b9df) Importer(815301076,1909f56bfc062723c751e8b465ee728b)  -> (artifact id: '5a4822c62345e822a48165c3203e6ada') in 0.019514 seconds
  Import took 0.032696 seconds .

========================================================================
Received Import Request.
  Time since last request: 34.396469 seconds.
  path: Assets/Scripts/CollectibleType.cs
  artifactKey: Guid(e0221faf2a94845e3912eeae50b4c3d3) Importer(815301076,1909f56bfc062723c751e8b465ee728b)
Start importing Assets/Scripts/CollectibleType.cs using Guid(e0221faf2a94845e3912eeae50b4c3d3) Importer(815301076,1909f56bfc062723c751e8b465ee728b)  -> (artifact id: 'c60f27703b1f4e9860a19fd2fd4252b0') in 0.007244 seconds
  Import took 0.014964 seconds .

========================================================================
Received Import Request.
  Time since last request: 0.024380 seconds.
  path: Assets/Scripts/CollectibleType.cs
  artifactKey: Guid(e0221faf2a94845e3912eeae50b4c3d3) Importer(815301076,1909f56bfc062723c751e8b465ee728b)
Start importing Assets/Scripts/CollectibleType.cs using Guid(e0221faf2a94845e3912eeae50b4c3d3) Importer(815301076,1909f56bfc062723c751e8b465ee728b)  -> (artifact id: 'c60f27703b1f4e9860a19fd2fd4252b0') in 0.004317 seconds
  Import took 0.011808 seconds .

========================================================================
Received Import Request.
  Time since last request: 16.033761 seconds.
  path: Assets/Scripts/CollectibleType.cs
  artifactKey: Guid(e0221faf2a94845e3912eeae50b4c3d3) Importer(815301076,1909f56bfc062723c751e8b465ee728b)
Start importing Assets/Scripts/CollectibleType.cs using Guid(e0221faf2a94845e3912eeae50b4c3d3) Importer(815301076,1909f56bfc062723c751e8b465ee728b)  -> (artifact id: 'a7c06376863ee10c31a967266f2367d3') in 0.004597 seconds
  Import took 0.015525 seconds .

========================================================================
Received Import Request.
  Time since last request: 0.003692 seconds.
  path: Assets/Scripts/CollectibleType.cs
  artifactKey: Guid(e0221faf2a94845e3912eeae50b4c3d3) Importer(815301076,1909f56bfc062723c751e8b465ee728b)
Start importing Assets/Scripts/CollectibleType.cs using Guid(e0221faf2a94845e3912eeae50b4c3d3) Importer(815301076,1909f56bfc062723c751e8b465ee728b)  -> (artifact id: 'a7c06376863ee10c31a967266f2367d3') in 0.003229 seconds
  Import took 0.010391 seconds .

========================================================================
Received Import Request.
  Time since last request: 50.655930 seconds.
  path: Assets/Scripts/Destructor.cs
  artifactKey: Guid(e66112f5ab6ed473ca516356cf05eb55) Importer(815301076,1909f56bfc062723c751e8b465ee728b)
Start importing Assets/Scripts/Destructor.cs using Guid(e66112f5ab6ed473ca516356cf05eb55) Importer(815301076,1909f56bfc062723c751e8b465ee728b)  -> (artifact id: 'ce6266ce4f298c21344ebad60638b38d') in 0.011302 seconds
  Import took 0.022949 seconds .

========================================================================
Received Prepare
Registering precompiled user dll's ...
Registered in 0.001398 seconds.
Begin MonoManager ReloadAssembly
Native extension for OSXStandalone target not found
Native extension for WebGL target not found
Refreshing native plugins compatible for Editor in 0.45 ms, found 2 plugins.
Preloading 0 native plugins for Editor in 0.00 ms.
Invoked RoslynAnalysisRunner static constructor.
RoslynAnalysisRunner will not be running.
RoslynAnalysisRunner has terminated.
Mono: successfully reloaded assembly
- Completed reload, in  2.008 seconds
Platform modules already initialized, skipping
Refreshing native plugins compatible for Editor in 1.61 ms, found 2 plugins.
Preloading 0 native plugins for Editor in 0.00 ms.
Unloading 1792 Unused Serialized files (Serialized files now loaded: 0)
System memory in use before: 164.8 MB.
System memory in use after: 164.8 MB.

Unloading 12 unused Assets to reduce memory usage. Loaded Objects now: 2308.
Total: 4.329678 ms (FindLiveObjects: 0.386570 ms CreateObjectMapping: 0.165379 ms MarkObjects: 3.593280 ms  DeleteObjects: 0.181696 ms)

========================================================================
Received Import Request.
  Time since last request: 60.751887 seconds.
  path: Assets/Scripts/Destructor.cs
  artifactKey: Guid(e66112f5ab6ed473ca516356cf05eb55) Importer(815301076,1909f56bfc062723c751e8b465ee728b)
Start importing Assets/Scripts/Destructor.cs using Guid(e66112f5ab6ed473ca516356cf05eb55) Importer(815301076,1909f56bfc062723c751e8b465ee728b)  -> (artifact id: 'e4a3485e3ba73da7194b0d966081c672') in 0.017008 seconds
  Import took 0.023795 seconds .

========================================================================
Received Prepare
Registering precompiled user dll's ...
Registered in 0.001110 seconds.
Begin MonoManager ReloadAssembly
Native extension for OSXStandalone target not found
Native extension for WebGL target not found
Refreshing native plugins compatible for Editor in 0.48 ms, found 2 plugins.
Preloading 0 native plugins for Editor in 0.00 ms.
Invoked RoslynAnalysisRunner static constructor.
RoslynAnalysisRunner will not be running.
RoslynAnalysisRunner has terminated.
Mono: successfully reloaded assembly
- Completed reload, in  1.770 seconds
Platform modules already initialized, skipping
Refreshing native plugins compatible for Editor in 0.81 ms, found 2 plugins.
Preloading 0 native plugins for Editor in 0.00 ms.
Unloading 1792 Unused Serialized files (Serialized files now loaded: 0)
System memory in use before: 165.1 MB.
System memory in use after: 165.1 MB.

Unloading 12 unused Assets to reduce memory usage. Loaded Objects now: 2311.
Total: 3.586708 ms (FindLiveObjects: 0.582422 ms CreateObjectMapping: 0.209124 ms MarkObjects: 2.616096 ms  DeleteObjects: 0.176420 ms)

========================================================================
Received Prepare
Registering precompiled user dll's ...
Registered in 0.002182 seconds.
Begin MonoManager ReloadAssembly
Native extension for OSXStandalone target not found
Native extension for WebGL target not found
Refreshing native plugins compatible for Editor in 0.45 ms, found 2 plugins.
Preloading 0 native plugins for Editor in 0.00 ms.
Invoked RoslynAnalysisRunner static constructor.
RoslynAnalysisRunner will not be running.
RoslynAnalysisRunner has terminated.
Mono: successfully reloaded assembly
- Completed reload, in  1.832 seconds
Platform modules already initialized, skipping
Refreshing native plugins compatible for Editor in 0.57 ms, found 2 plugins.
Preloading 0 native plugins for Editor in 0.00 ms.
Unloading 1792 Unused Serialized files (Serialized files now loaded: 0)
System memory in use before: 165.4 MB.
System memory in use after: 165.4 MB.

Unloading 12 unused Assets to reduce memory usage. Loaded Objects now: 2314.
Total: 3.092014 ms (FindLiveObjects: 0.513292 ms CreateObjectMapping: 0.096669 ms MarkObjects: 2.279614 ms  DeleteObjects: 0.199373 ms)

========================================================================
Received Prepare
Registering precompiled user dll's ...
Registered in 0.000849 seconds.
Begin MonoManager ReloadAssembly
Native extension for OSXStandalone target not found
Native extension for WebGL target not found
Refreshing native plugins compatible for Editor in 0.45 ms, found 2 plugins.
Preloading 0 native plugins for Editor in 0.00 ms.
Invoked RoslynAnalysisRunner static constructor.
RoslynAnalysisRunner will not be running.
RoslynAnalysisRunner has terminated.
Mono: successfully reloaded assembly
- Completed reload, in  1.735 seconds
Platform modules already initialized, skipping
Refreshing native plugins compatible for Editor in 0.67 ms, found 2 plugins.
Preloading 0 native plugins for Editor in 0.00 ms.
Unloading 1792 Unused Serialized files (Serialized files now loaded: 0)
System memory in use before: 165.9 MB.
System memory in use after: 165.8 MB.

Unloading 12 unused Assets to reduce memory usage. Loaded Objects now: 2317.
Total: 3.628582 ms (FindLiveObjects: 0.459615 ms CreateObjectMapping: 0.230195 ms MarkObjects: 2.737787 ms  DeleteObjects: 0.197445 ms)

========================================================================
Received Import Request.
  Time since last request: 618.079996 seconds.
  path: Assets/Scripts/Destructible.cs
  artifactKey: Guid(7a40e7db334814b82ad0ab7c6dde5cb3) Importer(815301076,1909f56bfc062723c751e8b465ee728b)
Start importing Assets/Scripts/Destructible.cs using Guid(7a40e7db334814b82ad0ab7c6dde5cb3) Importer(815301076,1909f56bfc062723c751e8b465ee728b)  -> (artifact id: 'a29f60b425a99687ae43dc837b186789') in 0.016812 seconds
  Import took 0.026871 seconds .

========================================================================
Received Import Request.
  Time since last request: 61.303738 seconds.
  path: Assets/Scripts/Destructible.cs
  artifactKey: Guid(7a40e7db334814b82ad0ab7c6dde5cb3) Importer(815301076,1909f56bfc062723c751e8b465ee728b)
Start importing Assets/Scripts/Destructible.cs using Guid(7a40e7db334814b82ad0ab7c6dde5cb3) Importer(815301076,1909f56bfc062723c751e8b465ee728b)  -> (artifact id: '80174e80a46636ba8634d4e240530d60') in 0.005272 seconds
  Import took 0.014490 seconds .

========================================================================
Received Import Request.
  Time since last request: 2.260037 seconds.
  path: Assets/Scripts/Destructor.cs
  artifactKey: Guid(e66112f5ab6ed473ca516356cf05eb55) Importer(815301076,1909f56bfc062723c751e8b465ee728b)
Start importing Assets/Scripts/Destructor.cs using Guid(e66112f5ab6ed473ca516356cf05eb55) Importer(815301076,1909f56bfc062723c751e8b465ee728b)  -> (artifact id: 'fa1f382c00f58dbdfb08bac3eb07f5de') in 0.002517 seconds
  Import took 0.008039 seconds .

========================================================================
Received Prepare
Registering precompiled user dll's ...
Registered in 0.001377 seconds.
Begin MonoManager ReloadAssembly
Native extension for OSXStandalone target not found
Native extension for WebGL target not found
Refreshing native plugins compatible for Editor in 0.47 ms, found 2 plugins.
Preloading 0 native plugins for Editor in 0.00 ms.
Invoked RoslynAnalysisRunner static constructor.
RoslynAnalysisRunner will not be running.
RoslynAnalysisRunner has terminated.
Mono: successfully reloaded assembly
- Completed reload, in  1.732 seconds
Platform modules already initialized, skipping
Refreshing native plugins compatible for Editor in 1.19 ms, found 2 plugins.
Preloading 0 native plugins for Editor in 0.00 ms.
Unloading 1792 Unused Serialized files (Serialized files now loaded: 0)
System memory in use before: 166.1 MB.
System memory in use after: 166.0 MB.

Unloading 13 unused Assets to reduce memory usage. Loaded Objects now: 2320.
Total: 5.791794 ms (FindLiveObjects: 0.562966 ms CreateObjectMapping: 0.153410 ms MarkObjects: 4.269450 ms  DeleteObjects: 0.802989 ms)

========================================================================
Received Prepare
Registering precompiled user dll's ...
Registered in 0.000794 seconds.
Begin MonoManager ReloadAssembly
Native extension for OSXStandalone target not found
Native extension for WebGL target not found
Refreshing native plugins compatible for Editor in 0.56 ms, found 2 plugins.
Preloading 0 native plugins for Editor in 0.00 ms.
Invoked RoslynAnalysisRunner static constructor.
RoslynAnalysisRunner will not be running.
RoslynAnalysisRunner has terminated.
Mono: successfully reloaded assembly
- Completed reload, in  1.900 seconds
Platform modules already initialized, skipping
Refreshing native plugins compatible for Editor in 0.57 ms, found 2 plugins.
Preloading 0 native plugins for Editor in 0.00 ms.
Unloading 1792 Unused Serialized files (Serialized files now loaded: 0)
System memory in use before: 166.3 MB.
System memory in use after: 166.3 MB.

Unloading 12 unused Assets to reduce memory usage. Loaded Objects now: 2323.
Total: 3.857722 ms (FindLiveObjects: 0.521856 ms CreateObjectMapping: 0.119240 ms MarkObjects: 2.967538 ms  DeleteObjects: 0.245227 ms)

========================================================================
Received Import Request.
  Time since last request: 50.981770 seconds.
  path: Assets/Scripts/Destructible.cs
  artifactKey: Guid(7a40e7db334814b82ad0ab7c6dde5cb3) Importer(815301076,1909f56bfc062723c751e8b465ee728b)
Start importing Assets/Scripts/Destructible.cs using Guid(7a40e7db334814b82ad0ab7c6dde5cb3) Importer(815301076,1909f56bfc062723c751e8b465ee728b)  -> (artifact id: '2316f48467c89f1b0d0e3748b54997fb') in 0.008319 seconds
  Import took 0.013235 seconds .

========================================================================
Received Import Request.
  Time since last request: 128.934639 seconds.
  path: Assets/Scripts/CollectibleType.cs
  artifactKey: Guid(e0221faf2a94845e3912eeae50b4c3d3) Importer(815301076,1909f56bfc062723c751e8b465ee728b)
Start importing Assets/Scripts/CollectibleType.cs using Guid(e0221faf2a94845e3912eeae50b4c3d3) Importer(815301076,1909f56bfc062723c751e8b465ee728b)  -> (artifact id: '4fbb94ed44d5af5cbb8f95baa0f0d1a6') in 0.002394 seconds
  Import took 0.006804 seconds .

========================================================================
Received Import Request.
  Time since last request: 0.000698 seconds.
  path: Assets/Scripts/CollectibleType.cs
  artifactKey: Guid(e0221faf2a94845e3912eeae50b4c3d3) Importer(815301076,1909f56bfc062723c751e8b465ee728b)
Start importing Assets/Scripts/CollectibleType.cs using Guid(e0221faf2a94845e3912eeae50b4c3d3) Importer(815301076,1909f56bfc062723c751e8b465ee728b)  -> (artifact id: '4fbb94ed44d5af5cbb8f95baa0f0d1a6') in 0.005276 seconds
  Import took 0.010039 seconds .

========================================================================
Received Import Request.
  Time since last request: 235.860405 seconds.
  path: Assets/Scripts/Collectible.cs
  artifactKey: Guid(e0221faf2a94845e3912eeae50b4c3d3) Importer(815301076,1909f56bfc062723c751e8b465ee728b)
Start importing Assets/Scripts/Collectible.cs using Guid(e0221faf2a94845e3912eeae50b4c3d3) Importer(815301076,1909f56bfc062723c751e8b465ee728b)  -> (artifact id: 'b2b31150fd419d0657f90d59788a8810') in 0.016508 seconds
  Import took 0.026892 seconds .

========================================================================
Received Import Request.
  Time since last request: 0.006095 seconds.
  path: Assets/Scripts/Collectible.cs
  artifactKey: Guid(e0221faf2a94845e3912eeae50b4c3d3) Importer(815301076,1909f56bfc062723c751e8b465ee728b)
Start importing Assets/Scripts/Collectible.cs using Guid(e0221faf2a94845e3912eeae50b4c3d3) Importer(815301076,1909f56bfc062723c751e8b465ee728b)  -> (artifact id: 'b2b31150fd419d0657f90d59788a8810') in 0.003859 seconds
  Import took 0.016565 seconds .

========================================================================
Received Prepare
Registering precompiled user dll's ...
Registered in 0.003282 seconds.
Begin MonoManager ReloadAssembly
Native extension for OSXStandalone target not found
Native extension for WebGL target not found
Refreshing native plugins compatible for Editor in 0.51 ms, found 2 plugins.
Preloading 0 native plugins for Editor in 0.00 ms.
Invoked RoslynAnalysisRunner static constructor.
RoslynAnalysisRunner will not be running.
RoslynAnalysisRunner has terminated.
Mono: successfully reloaded assembly
- Completed reload, in  2.025 seconds
Platform modules already initialized, skipping
Refreshing native plugins compatible for Editor in 0.63 ms, found 2 plugins.
Preloading 0 native plugins for Editor in 0.00 ms.
Unloading 1792 Unused Serialized files (Serialized files now loaded: 0)
System memory in use before: 166.6 MB.
System memory in use after: 166.6 MB.

Unloading 12 unused Assets to reduce memory usage. Loaded Objects now: 2326.
Total: 4.000969 ms (FindLiveObjects: 0.723387 ms CreateObjectMapping: 0.173582 ms MarkObjects: 2.903054 ms  DeleteObjects: 0.198286 ms)

========================================================================
Received Import Request.
  Time since last request: 16.768738 seconds.
  path: Assets/Prefabs/Apple.prefab
  artifactKey: Guid(a96d7755601f3429db8dd92a87f7271a) Importer(815301076,1909f56bfc062723c751e8b465ee728b)
Start importing Assets/Prefabs/Apple.prefab using Guid(a96d7755601f3429db8dd92a87f7271a) Importer(815301076,1909f56bfc062723c751e8b465ee728b)  -> (artifact id: '7842d44214720afb59fe8fc22bf62839') in 0.143133 seconds
  Import took 0.149384 seconds .

========================================================================
Received Import Request.
  Time since last request: 123.923113 seconds.
  path: Assets/Prefabs/Banana.prefab
  artifactKey: Guid(d073aebfb0af24989bf1647df77883ff) Importer(815301076,1909f56bfc062723c751e8b465ee728b)
Start importing Assets/Prefabs/Banana.prefab using Guid(d073aebfb0af24989bf1647df77883ff) Importer(815301076,1909f56bfc062723c751e8b465ee728b)  -> (artifact id: '768ef188720dc2b6b42bb01740b803d2') in 0.056976 seconds
  Import took 0.063974 seconds .

========================================================================
Received Import Request.
  Time since last request: 1.390247 seconds.
  path: Assets/Prefabs/Orange.prefab
  artifactKey: Guid(f44b7b5ab0c4448d1b15f60f7591d7b5) Importer(815301076,1909f56bfc062723c751e8b465ee728b)
Start importing Assets/Prefabs/Orange.prefab using Guid(f44b7b5ab0c4448d1b15f60f7591d7b5) Importer(815301076,1909f56bfc062723c751e8b465ee728b)  -> (artifact id: '17a207cc77e05a7ed53d845407e02a7b') in 0.030071 seconds
  Import took 0.035974 seconds .

========================================================================
Received Import Request.
  Time since last request: 1.051030 seconds.
  path: Assets/Prefabs/Rotten Fruit.prefab
  artifactKey: Guid(d68dc6837d4a4463da362bcfd5a10c08) Importer(815301076,1909f56bfc062723c751e8b465ee728b)
Start importing Assets/Prefabs/Rotten Fruit.prefab using Guid(d68dc6837d4a4463da362bcfd5a10c08) Importer(815301076,1909f56bfc062723c751e8b465ee728b)  -> (artifact id: '3b9f784197e46ac2bb693ab5a3c9fcdc') in 0.014491 seconds
  Import took 0.019630 seconds .

========================================================================
Received Import Request.
  Time since last request: 2.939531 seconds.
  path: Assets/Prefabs/Rotten Fruit.prefab
  artifactKey: Guid(d68dc6837d4a4463da362bcfd5a10c08) Importer(815301076,1909f56bfc062723c751e8b465ee728b)
Start importing Assets/Prefabs/Rotten Fruit.prefab using Guid(d68dc6837d4a4463da362bcfd5a10c08) Importer(815301076,1909f56bfc062723c751e8b465ee728b)  -> (artifact id: '99a4e807579d7c25f9bbc0fa87f1bae1') in 0.031994 seconds
  Import took 0.038697 seconds .

========================================================================
Received Prepare
Registering precompiled user dll's ...
Registered in 0.001351 seconds.
Begin MonoManager ReloadAssembly
Native extension for OSXStandalone target not found
Native extension for WebGL target not found
Refreshing native plugins compatible for Editor in 0.47 ms, found 2 plugins.
Preloading 0 native plugins for Editor in 0.00 ms.
Invoked RoslynAnalysisRunner static constructor.
RoslynAnalysisRunner will not be running.
RoslynAnalysisRunner has terminated.
Mono: successfully reloaded assembly
- Completed reload, in  1.744 seconds
Platform modules already initialized, skipping
Refreshing native plugins compatible for Editor in 0.59 ms, found 2 plugins.
Preloading 0 native plugins for Editor in 0.00 ms.
Unloading 1792 Unused Serialized files (Serialized files now loaded: 0)
System memory in use before: 167.0 MB.
System memory in use after: 167.0 MB.

Unloading 12 unused Assets to reduce memory usage. Loaded Objects now: 2330.
Total: 3.196362 ms (FindLiveObjects: 0.277334 ms CreateObjectMapping: 0.086117 ms MarkObjects: 2.600346 ms  DeleteObjects: 0.229170 ms)

========================================================================
Received Prepare
Registering precompiled user dll's ...
Registered in 0.005914 seconds.
Begin MonoManager ReloadAssembly
Native extension for OSXStandalone target not found
Native extension for WebGL target not found
Refreshing native plugins compatible for Editor in 0.45 ms, found 2 plugins.
Preloading 0 native plugins for Editor in 0.00 ms.
Invoked RoslynAnalysisRunner static constructor.
RoslynAnalysisRunner will not be running.
RoslynAnalysisRunner has terminated.
Mono: successfully reloaded assembly
- Completed reload, in  1.733 seconds
Platform modules already initialized, skipping
Refreshing native plugins compatible for Editor in 0.57 ms, found 2 plugins.
Preloading 0 native plugins for Editor in 0.00 ms.
Unloading 1792 Unused Serialized files (Serialized files now loaded: 0)
System memory in use before: 167.2 MB.
System memory in use after: 167.2 MB.

Unloading 12 unused Assets to reduce memory usage. Loaded Objects now: 2333.
Total: 3.001277 ms (FindLiveObjects: 0.365239 ms CreateObjectMapping: 0.081310 ms MarkObjects: 2.392109 ms  DeleteObjects: 0.159131 ms)

========================================================================
Received Prepare
Registering precompiled user dll's ...
Registered in 0.000912 seconds.
Begin MonoManager ReloadAssembly
Native extension for OSXStandalone target not found
Native extension for WebGL target not found
Refreshing native plugins compatible for Editor in 0.46 ms, found 2 plugins.
Preloading 0 native plugins for Editor in 0.00 ms.
Invoked RoslynAnalysisRunner static constructor.
RoslynAnalysisRunner will not be running.
RoslynAnalysisRunner has terminated.
Mono: successfully reloaded assembly
- Completed reload, in  1.632 seconds
Platform modules already initialized, skipping
Refreshing native plugins compatible for Editor in 0.60 ms, found 2 plugins.
Preloading 0 native plugins for Editor in 0.00 ms.
Unloading 1792 Unused Serialized files (Serialized files now loaded: 0)
System memory in use before: 166.6 MB.
System memory in use after: 166.6 MB.

Unloading 12 unused Assets to reduce memory usage. Loaded Objects now: 2336.
Total: 2.796281 ms (FindLiveObjects: 0.365874 ms CreateObjectMapping: 0.072870 ms MarkObjects: 2.195085 ms  DeleteObjects: 0.158862 ms)

========================================================================
Received Prepare
Registering precompiled user dll's ...
Registered in 0.001543 seconds.
Begin MonoManager ReloadAssembly
Native extension for OSXStandalone target not found
Native extension for WebGL target not found
Refreshing native plugins compatible for Editor in 0.77 ms, found 2 plugins.
Preloading 0 native plugins for Editor in 0.00 ms.
Invoked RoslynAnalysisRunner static constructor.
RoslynAnalysisRunner will not be running.
RoslynAnalysisRunner has terminated.
Mono: successfully reloaded assembly
- Completed reload, in  3.007 seconds
Platform modules already initialized, skipping
Refreshing native plugins compatible for Editor in 0.55 ms, found 2 plugins.
Preloading 0 native plugins for Editor in 0.00 ms.
Unloading 1792 Unused Serialized files (Serialized files now loaded: 0)
System memory in use before: 167.0 MB.
System memory in use after: 166.9 MB.

Unloading 12 unused Assets to reduce memory usage. Loaded Objects now: 2339.
Total: 6.145241 ms (FindLiveObjects: 1.866940 ms CreateObjectMapping: 0.152971 ms MarkObjects: 3.865308 ms  DeleteObjects: 0.256875 ms)

========================================================================
Received Prepare
Registering precompiled user dll's ...
Registered in 0.000764 seconds.
Begin MonoManager ReloadAssembly
Native extension for OSXStandalone target not found
Native extension for WebGL target not found
Refreshing native plugins compatible for Editor in 0.48 ms, found 2 plugins.
Preloading 0 native plugins for Editor in 0.00 ms.
Invoked RoslynAnalysisRunner static constructor.
RoslynAnalysisRunner will not be running.
RoslynAnalysisRunner has terminated.
Mono: successfully reloaded assembly
- Completed reload, in  1.846 seconds
Platform modules already initialized, skipping
Refreshing native plugins compatible for Editor in 0.69 ms, found 2 plugins.
Preloading 0 native plugins for Editor in 0.00 ms.
Unloading 1792 Unused Serialized files (Serialized files now loaded: 0)
System memory in use before: 167.2 MB.
System memory in use after: 167.2 MB.

Unloading 12 unused Assets to reduce memory usage. Loaded Objects now: 2342.
Total: 4.817205 ms (FindLiveObjects: 0.330250 ms CreateObjectMapping: 0.077367 ms MarkObjects: 4.246095 ms  DeleteObjects: 0.160374 ms)

========================================================================
Received Prepare
Registering precompiled user dll's ...
Registered in 0.002782 seconds.
Begin MonoManager ReloadAssembly
Native extension for OSXStandalone target not found
Native extension for WebGL target not found
Refreshing native plugins compatible for Editor in 0.45 ms, found 2 plugins.
Preloading 0 native plugins for Editor in 0.00 ms.
Invoked RoslynAnalysisRunner static constructor.
RoslynAnalysisRunner will not be running.
RoslynAnalysisRunner has terminated.
Mono: successfully reloaded assembly
- Completed reload, in  1.906 seconds
Platform modules already initialized, skipping
Refreshing native plugins compatible for Editor in 0.59 ms, found 2 plugins.
Preloading 0 native plugins for Editor in 0.00 ms.
Unloading 1792 Unused Serialized files (Serialized files now loaded: 0)
System memory in use before: 167.5 MB.
System memory in use after: 167.5 MB.

Unloading 12 unused Assets to reduce memory usage. Loaded Objects now: 2345.
Total: 4.504205 ms (FindLiveObjects: 1.640837 ms CreateObjectMapping: 0.203256 ms MarkObjects: 2.318022 ms  DeleteObjects: 0.339271 ms)

========================================================================
Received Import Request.
  Time since last request: 1182.276504 seconds.
  path: Assets/Scripts/GameController.cs
  artifactKey: Guid(90aeb303e2fe04facaf4841c3417ac20) Importer(815301076,1909f56bfc062723c751e8b465ee728b)
Start importing Assets/Scripts/GameController.cs using Guid(90aeb303e2fe04facaf4841c3417ac20) Importer(815301076,1909f56bfc062723c751e8b465ee728b)  -> (artifact id: '25f068e58745e15af19e540c4e9f8a8e') in 0.027662 seconds
  Import took 0.034196 seconds .

========================================================================
Received Import Request.
  Time since last request: 0.006992 seconds.
  path: Assets/Scripts/GameController.cs
  artifactKey: Guid(90aeb303e2fe04facaf4841c3417ac20) Importer(815301076,1909f56bfc062723c751e8b465ee728b)
Start importing Assets/Scripts/GameController.cs using Guid(90aeb303e2fe04facaf4841c3417ac20) Importer(815301076,1909f56bfc062723c751e8b465ee728b)  -> (artifact id: '25f068e58745e15af19e540c4e9f8a8e') in 0.002836 seconds
  Import took 0.010219 seconds .

========================================================================
Received Prepare
Registering precompiled user dll's ...
Registered in 0.003086 seconds.
Begin MonoManager ReloadAssembly
Native extension for OSXStandalone target not found
Native extension for WebGL target not found
Refreshing native plugins compatible for Editor in 0.48 ms, found 2 plugins.
Preloading 0 native plugins for Editor in 0.00 ms.
Invoked RoslynAnalysisRunner static constructor.
RoslynAnalysisRunner will not be running.
RoslynAnalysisRunner has terminated.
Mono: successfully reloaded assembly
- Completed reload, in  1.636 seconds
Platform modules already initialized, skipping
Refreshing native plugins compatible for Editor in 0.57 ms, found 2 plugins.
Preloading 0 native plugins for Editor in 0.00 ms.
Unloading 1793 Unused Serialized files (Serialized files now loaded: 0)
System memory in use before: 167.9 MB.
System memory in use after: 167.9 MB.

Unloading 12 unused Assets to reduce memory usage. Loaded Objects now: 2349.
Total: 3.474815 ms (FindLiveObjects: 0.382849 ms CreateObjectMapping: 0.100102 ms MarkObjects: 2.807681 ms  DeleteObjects: 0.181517 ms)

========================================================================
Received Prepare
Registering precompiled user dll's ...
Registered in 0.001348 seconds.
Begin MonoManager ReloadAssembly
Native extension for OSXStandalone target not found
Native extension for WebGL target not found
Refreshing native plugins compatible for Editor in 0.46 ms, found 2 plugins.
Preloading 0 native plugins for Editor in 0.00 ms.
Invoked RoslynAnalysisRunner static constructor.
RoslynAnalysisRunner will not be running.
RoslynAnalysisRunner has terminated.
Mono: successfully reloaded assembly
- Completed reload, in  1.584 seconds
Platform modules already initialized, skipping
Refreshing native plugins compatible for Editor in 0.87 ms, found 2 plugins.
Preloading 0 native plugins for Editor in 0.00 ms.
Unloading 1793 Unused Serialized files (Serialized files now loaded: 0)
System memory in use before: 168.2 MB.
System memory in use after: 168.2 MB.

Unloading 12 unused Assets to reduce memory usage. Loaded Objects now: 2352.
Total: 3.178717 ms (FindLiveObjects: 0.366480 ms CreateObjectMapping: 0.075278 ms MarkObjects: 2.564618 ms  DeleteObjects: 0.158965 ms)

========================================================================
Received Import Request.
  Time since last request: 94.904887 seconds.
  path: Assets/Scripts/Destructible.cs
  artifactKey: Guid(7a40e7db334814b82ad0ab7c6dde5cb3) Importer(815301076,1909f56bfc062723c751e8b465ee728b)
Start importing Assets/Scripts/Destructible.cs using Guid(7a40e7db334814b82ad0ab7c6dde5cb3) Importer(815301076,1909f56bfc062723c751e8b465ee728b)  -> (artifact id: '3584ddbb7890c0db0eb772db08a269e5') in 0.008407 seconds
  Import took 0.014005 seconds .

========================================================================
Received Prepare
Registering precompiled user dll's ...
Registered in 0.001311 seconds.
Begin MonoManager ReloadAssembly
Native extension for OSXStandalone target not found
Native extension for WebGL target not found
Refreshing native plugins compatible for Editor in 0.52 ms, found 2 plugins.
Preloading 0 native plugins for Editor in 0.00 ms.
Invoked RoslynAnalysisRunner static constructor.
RoslynAnalysisRunner will not be running.
RoslynAnalysisRunner has terminated.
Mono: successfully reloaded assembly
- Completed reload, in  1.744 seconds
Platform modules already initialized, skipping
Refreshing native plugins compatible for Editor in 0.60 ms, found 2 plugins.
Preloading 0 native plugins for Editor in 0.00 ms.
Unloading 1793 Unused Serialized files (Serialized files now loaded: 0)
System memory in use before: 168.5 MB.
System memory in use after: 168.5 MB.

Unloading 12 unused Assets to reduce memory usage. Loaded Objects now: 2355.
Total: 2.861472 ms (FindLiveObjects: 0.383908 ms CreateObjectMapping: 0.092698 ms MarkObjects: 2.189786 ms  DeleteObjects: 0.192724 ms)

========================================================================
Received Prepare
Registering precompiled user dll's ...
Registered in 0.003199 seconds.
Begin MonoManager ReloadAssembly
Native extension for OSXStandalone target not found
Native extension for WebGL target not found
Refreshing native plugins compatible for Editor in 0.47 ms, found 2 plugins.
Preloading 0 native plugins for Editor in 0.00 ms.
Invoked RoslynAnalysisRunner static constructor.
RoslynAnalysisRunner will not be running.
RoslynAnalysisRunner has terminated.
Mono: successfully reloaded assembly
- Completed reload, in  1.937 seconds
Platform modules already initialized, skipping
Refreshing native plugins compatible for Editor in 0.76 ms, found 2 plugins.
Preloading 0 native plugins for Editor in 0.00 ms.
Unloading 1793 Unused Serialized files (Serialized files now loaded: 0)
System memory in use before: 168.8 MB.
System memory in use after: 168.8 MB.

Unloading 12 unused Assets to reduce memory usage. Loaded Objects now: 2358.
Total: 4.672244 ms (FindLiveObjects: 0.515672 ms CreateObjectMapping: 0.159482 ms MarkObjects: 3.822668 ms  DeleteObjects: 0.170729 ms)

========================================================================
Received Prepare
Registering precompiled user dll's ...
Registered in 0.001265 seconds.
Begin MonoManager ReloadAssembly
Native extension for OSXStandalone target not found
Native extension for WebGL target not found
Refreshing native plugins compatible for Editor in 0.72 ms, found 2 plugins.
Preloading 0 native plugins for Editor in 0.00 ms.
Invoked RoslynAnalysisRunner static constructor.
RoslynAnalysisRunner will not be running.
RoslynAnalysisRunner has terminated.
Mono: successfully reloaded assembly
- Completed reload, in  1.790 seconds
Platform modules already initialized, skipping
Refreshing native plugins compatible for Editor in 0.66 ms, found 2 plugins.
Preloading 0 native plugins for Editor in 0.00 ms.
Unloading 1793 Unused Serialized files (Serialized files now loaded: 0)
System memory in use before: 168.2 MB.
System memory in use after: 168.2 MB.

Unloading 12 unused Assets to reduce memory usage. Loaded Objects now: 2361.
Total: 3.357188 ms (FindLiveObjects: 0.277140 ms CreateObjectMapping: 0.083741 ms MarkObjects: 2.795882 ms  DeleteObjects: 0.197450 ms)

========================================================================
Received Prepare
Registering precompiled user dll's ...
Registered in 0.001003 seconds.
Begin MonoManager ReloadAssembly
Native extension for OSXStandalone target not found
Native extension for WebGL target not found
Refreshing native plugins compatible for Editor in 0.46 ms, found 2 plugins.
Preloading 0 native plugins for Editor in 0.00 ms.
Invoked RoslynAnalysisRunner static constructor.
RoslynAnalysisRunner will not be running.
RoslynAnalysisRunner has terminated.
Mono: successfully reloaded assembly
- Completed reload, in  1.760 seconds
Platform modules already initialized, skipping
Refreshing native plugins compatible for Editor in 0.78 ms, found 2 plugins.
Preloading 0 native plugins for Editor in 0.00 ms.
Unloading 1793 Unused Serialized files (Serialized files now loaded: 0)
System memory in use before: 168.4 MB.
System memory in use after: 168.4 MB.

Unloading 12 unused Assets to reduce memory usage. Loaded Objects now: 2364.
Total: 3.392620 ms (FindLiveObjects: 0.335593 ms CreateObjectMapping: 0.086101 ms MarkObjects: 2.774305 ms  DeleteObjects: 0.194015 ms)

========================================================================
Received Prepare
Registering precompiled user dll's ...
Registered in 0.003278 seconds.
Begin MonoManager ReloadAssembly
Native extension for OSXStandalone target not found
Native extension for WebGL target not found
Refreshing native plugins compatible for Editor in 0.52 ms, found 2 plugins.
Preloading 0 native plugins for Editor in 0.00 ms.
Invoked RoslynAnalysisRunner static constructor.
RoslynAnalysisRunner will not be running.
RoslynAnalysisRunner has terminated.
Mono: successfully reloaded assembly
- Completed reload, in  1.718 seconds
Platform modules already initialized, skipping
Refreshing native plugins compatible for Editor in 0.57 ms, found 2 plugins.
Preloading 0 native plugins for Editor in 0.00 ms.
Unloading 1793 Unused Serialized files (Serialized files now loaded: 0)
System memory in use before: 168.9 MB.
System memory in use after: 168.9 MB.

Unloading 12 unused Assets to reduce memory usage. Loaded Objects now: 2367.
Total: 3.736742 ms (FindLiveObjects: 0.346349 ms CreateObjectMapping: 0.085076 ms MarkObjects: 3.044609 ms  DeleteObjects: 0.258431 ms)

========================================================================
Received Prepare
Registering precompiled user dll's ...
Registered in 0.002311 seconds.
Begin MonoManager ReloadAssembly
Native extension for OSXStandalone target not found
Native extension for WebGL target not found
Refreshing native plugins compatible for Editor in 0.50 ms, found 2 plugins.
Preloading 0 native plugins for Editor in 0.00 ms.
Invoked RoslynAnalysisRunner static constructor.
RoslynAnalysisRunner will not be running.
RoslynAnalysisRunner has terminated.
Mono: successfully reloaded assembly
- Completed reload, in  1.636 seconds
Platform modules already initialized, skipping
Refreshing native plugins compatible for Editor in 0.72 ms, found 2 plugins.
Preloading 0 native plugins for Editor in 0.00 ms.
Unloading 1793 Unused Serialized files (Serialized files now loaded: 0)
System memory in use before: 169.0 MB.
System memory in use after: 169.0 MB.

Unloading 12 unused Assets to reduce memory usage. Loaded Objects now: 2370.
Total: 6.497197 ms (FindLiveObjects: 0.659807 ms CreateObjectMapping: 0.269270 ms MarkObjects: 5.250183 ms  DeleteObjects: 0.313315 ms)

========================================================================
Received Prepare
Registering precompiled user dll's ...
Registered in 0.001655 seconds.
Begin MonoManager ReloadAssembly
Native extension for OSXStandalone target not found
Native extension for WebGL target not found
Refreshing native plugins compatible for Editor in 0.46 ms, found 2 plugins.
Preloading 0 native plugins for Editor in 0.00 ms.
Invoked RoslynAnalysisRunner static constructor.
RoslynAnalysisRunner will not be running.
RoslynAnalysisRunner has terminated.
Mono: successfully reloaded assembly
- Completed reload, in  2.044 seconds
Platform modules already initialized, skipping
Refreshing native plugins compatible for Editor in 0.64 ms, found 2 plugins.
Preloading 0 native plugins for Editor in 0.00 ms.
Unloading 1793 Unused Serialized files (Serialized files now loaded: 0)
System memory in use before: 169.3 MB.
System memory in use after: 169.3 MB.

Unloading 12 unused Assets to reduce memory usage. Loaded Objects now: 2373.
Total: 3.684403 ms (FindLiveObjects: 0.464733 ms CreateObjectMapping: 0.106715 ms MarkObjects: 2.917394 ms  DeleteObjects: 0.191160 ms)

========================================================================
Received Prepare
Registering precompiled user dll's ...
Registered in 0.080955 seconds.
Begin MonoManager ReloadAssembly
Native extension for OSXStandalone target not found
Native extension for WebGL target not found
Refreshing native plugins compatible for Editor in 0.59 ms, found 2 plugins.
Preloading 0 native plugins for Editor in 0.00 ms.
Invoked RoslynAnalysisRunner static constructor.
RoslynAnalysisRunner will not be running.
RoslynAnalysisRunner has terminated.
Mono: successfully reloaded assembly
- Completed reload, in  1.801 seconds
Platform modules already initialized, skipping
Refreshing native plugins compatible for Editor in 0.57 ms, found 2 plugins.
Preloading 0 native plugins for Editor in 0.00 ms.
Unloading 1793 Unused Serialized files (Serialized files now loaded: 0)
System memory in use before: 169.6 MB.
System memory in use after: 169.6 MB.

Unloading 12 unused Assets to reduce memory usage. Loaded Objects now: 2376.
Total: 3.397556 ms (FindLiveObjects: 0.534442 ms CreateObjectMapping: 0.105177 ms MarkObjects: 2.499668 ms  DeleteObjects: 0.255906 ms)

========================================================================
Received Prepare
Registering precompiled user dll's ...
Registered in 0.005714 seconds.
Begin MonoManager ReloadAssembly
Native extension for OSXStandalone target not found
Native extension for WebGL target not found
Refreshing native plugins compatible for Editor in 0.51 ms, found 2 plugins.
Preloading 0 native plugins for Editor in 0.00 ms.
Invoked RoslynAnalysisRunner static constructor.
RoslynAnalysisRunner will not be running.
RoslynAnalysisRunner has terminated.
Mono: successfully reloaded assembly
- Completed reload, in  1.675 seconds
Platform modules already initialized, skipping
Refreshing native plugins compatible for Editor in 0.68 ms, found 2 plugins.
Preloading 0 native plugins for Editor in 0.00 ms.
Unloading 1793 Unused Serialized files (Serialized files now loaded: 0)
System memory in use before: 170.0 MB.
System memory in use after: 170.1 MB.

Unloading 12 unused Assets to reduce memory usage. Loaded Objects now: 2379.
Total: 4.288388 ms (FindLiveObjects: 0.449688 ms CreateObjectMapping: 0.188026 ms MarkObjects: 3.376589 ms  DeleteObjects: 0.271565 ms)

========================================================================
Received Prepare
Registering precompiled user dll's ...
Registered in 0.000832 seconds.
Begin MonoManager ReloadAssembly
Native extension for OSXStandalone target not found
Native extension for WebGL target not found
Refreshing native plugins compatible for Editor in 0.75 ms, found 2 plugins.
Preloading 0 native plugins for Editor in 0.00 ms.
Invoked RoslynAnalysisRunner static constructor.
RoslynAnalysisRunner will not be running.
RoslynAnalysisRunner has terminated.
Mono: successfully reloaded assembly
- Completed reload, in  1.570 seconds
Platform modules already initialized, skipping
Refreshing native plugins compatible for Editor in 0.60 ms, found 2 plugins.
Preloading 0 native plugins for Editor in 0.00 ms.
Unloading 1793 Unused Serialized files (Serialized files now loaded: 0)
System memory in use before: 170.2 MB.
System memory in use after: 170.2 MB.

Unloading 12 unused Assets to reduce memory usage. Loaded Objects now: 2382.
Total: 3.423638 ms (FindLiveObjects: 0.313295 ms CreateObjectMapping: 0.078850 ms MarkObjects: 2.851551 ms  DeleteObjects: 0.177162 ms)

